Log file open, 09/24/19 12:39:52
LogWindows: Failed to load 'aqProf.dll' (GetLastError=126)
LogWindows: File 'aqProf.dll' does not exist
LogWindows: Failed to load 'VtuneApi.dll' (GetLastError=126)
LogWindows: File 'VtuneApi.dll' does not exist
LogWindows: Failed to load 'VtuneApi32e.dll' (GetLastError=126)
LogWindows: File 'VtuneApi32e.dll' does not exist
LogConsoleResponse: Display: Failed to find resolution value strings in scalability ini. Falling back to default.
LogInit: Display: Running engine for game: P1_Heteronomy
LogPakFile: Registered encryption key '00000000000000000000000000000000': 0 pak files mounted, 0 remain pending
LogPlatformFile: Not using cached read wrapper
LogTaskGraph: Started task graph with 5 named threads and 23 total threads with 3 sets of task threads.
LogStats: Stats thread started at 0.281228
LogD3D11RHI: Loaded GFSDK_Aftermath_Lib.x64.dll
LogICUInternationalization: ICU TimeZone Detection - Raw Offset: +8:00, Platform Override: ''
LogPluginManager: Mounting plugin Paper2D
LogPluginManager: Mounting plugin AISupport
LogPluginManager: Mounting plugin LightPropagationVolume
LogPluginManager: Mounting plugin ActorLayerUtilities
LogPluginManager: Mounting plugin AnimationSharing
LogPluginManager: Mounting plugin CLionSourceCodeAccess
LogPluginManager: Mounting plugin CodeLiteSourceCodeAccess
LogPluginManager: Mounting plugin GitSourceControl
LogPluginManager: Mounting plugin KDevelopSourceCodeAccess
LogPluginManager: Mounting plugin NullSourceCodeAccess
LogPluginManager: Mounting plugin PerforceSourceControl
LogPluginManager: Mounting plugin SubversionSourceControl
LogPluginManager: Mounting plugin UObjectPlugin
LogPluginManager: Mounting plugin VisualStudioCodeSourceCodeAccess
LogPluginManager: Mounting plugin VisualStudioSourceCodeAccess
LogPluginManager: Mounting plugin XCodeSourceCodeAccess
LogPluginManager: Mounting plugin AssetManagerEditor
LogPluginManager: Mounting plugin CryptoKeys
LogPluginManager: Mounting plugin DataValidation
LogPluginManager: Mounting plugin FacialAnimation
LogPluginManager: Mounting plugin GameplayTagsEditor
LogPluginManager: Mounting plugin MacGraphicsSwitching
LogPluginManager: Mounting plugin MaterialAnalyzer
LogPluginManager: Mounting plugin MobileLauncherProfileWizard
LogPluginManager: Mounting plugin PluginBrowser
LogPluginManager: Mounting plugin SpeedTreeImporter
LogPluginManager: Mounting plugin DatasmithContent
LogPluginManager: Mounting plugin VariantManagerContent
LogPluginManager: Mounting plugin AlembicImporter
LogPluginManager: Mounting plugin AppleImageUtils
LogPluginManager: Mounting plugin AppleVision
LogPluginManager: Mounting plugin BackChannel
LogPluginManager: Mounting plugin CharacterAI
LogPluginManager: Mounting plugin GeometryCache
LogPluginManager: Mounting plugin HTML5Networking
LogPluginManager: Mounting plugin ProxyLODPlugin
LogPluginManager: Mounting plugin SkeletalReduction
LogPluginManager: Mounting plugin MagicLeap
LogPluginManager: Mounting plugin MagicLeapMedia
LogPluginManager: Mounting plugin AndroidMedia
LogPluginManager: Mounting plugin AvfMedia
LogPluginManager: Mounting plugin ImgMedia
LogPluginManager: Mounting plugin LinearTimecode
LogPluginManager: Mounting plugin MediaCompositing
LogPluginManager: Mounting plugin MediaPlayerEditor
LogPluginManager: Mounting plugin WebMMedia
LogPluginManager: Mounting plugin WmfMedia
LogPluginManager: Mounting plugin TcpMessaging
LogPluginManager: Mounting plugin UdpMessaging
LogPluginManager: Mounting plugin ActorSequence
LogPluginManager: Mounting plugin LevelSequenceEditor
LogPluginManager: Mounting plugin MatineeToLevelSequence
LogPluginManager: Mounting plugin NetcodeUnitTest
LogPluginManager: Mounting plugin NUTUnrealEngine4
LogPluginManager: Mounting plugin OnlineSubsystemGooglePlay
LogPluginManager: Mounting plugin OnlineSubsystemIOS
LogPluginManager: Mounting plugin OnlineSubsystem
LogPluginManager: Mounting plugin OnlineSubsystemNull
LogPluginManager: Mounting plugin OnlineSubsystemUtils
LogPluginManager: Mounting plugin LauncherChunkInstaller
LogPluginManager: Mounting plugin AndroidDeviceProfileSelector
LogPluginManager: Mounting plugin AndroidMoviePlayer
LogPluginManager: Mounting plugin AndroidPermission
LogPluginManager: Mounting plugin AppleMoviePlayer
LogPluginManager: Mounting plugin ArchVisCharacter
LogPluginManager: Mounting plugin AudioCapture
LogPluginManager: Mounting plugin CableComponent
LogPluginManager: Mounting plugin CustomMeshComponent
LogPluginManager: Mounting plugin EditableMesh
LogPluginManager: Mounting plugin ExampleDeviceProfileSelector
LogPluginManager: Mounting plugin Firebase
LogPluginManager: Mounting plugin GoogleCloudMessaging
LogPluginManager: Mounting plugin IOSDeviceProfileSelector
LogPluginManager: Mounting plugin LinuxDeviceProfileSelector
LogPluginManager: Mounting plugin LocationServicesBPLibrary
LogPluginManager: Mounting plugin MobilePatchingUtils
LogPluginManager: Mounting plugin OculusVR
LogPluginManager: Mounting plugin PhysXVehicles
LogPluginManager: Mounting plugin ProceduralMeshComponent
LogPluginManager: Mounting plugin RuntimePhysXCooking
LogPluginManager: Mounting plugin SignificanceManager
LogPluginManager: Mounting plugin SteamVR
LogPluginManager: Mounting plugin WebMMoviePlayer
LogPluginManager: Mounting plugin WindowsMoviePlayer
LogInit: Using libcurl 7.55.1-DEV
LogInit:  - built for x86_64-pc-win32
LogInit:  - supports SSL with OpenSSL/1.1.1
LogInit:  - supports HTTP deflate (compression) using libz 1.2.8
LogInit:  - other features:
LogInit:      CURL_VERSION_SSL
LogInit:      CURL_VERSION_LIBZ
LogInit:      CURL_VERSION_IPV6
LogInit:      CURL_VERSION_ASYNCHDNS
LogInit:      CURL_VERSION_LARGEFILE
LogInit:      CURL_VERSION_IDN
LogInit:  CurlRequestOptions (configurable via config and command line):
LogInit:  - bVerifyPeer = true  - Libcurl will verify peer certificate
LogInit:  - bUseHttpProxy = false  - Libcurl will NOT use HTTP proxy
LogInit:  - bDontReuseConnections = false  - Libcurl will reuse connections
LogInit:  - MaxHostConnections = 16  - Libcurl will limit the number of connections to a host
LogInit:  - LocalHostAddr = Default
LogInit:  - BufferSize = 65536
LogInit: WinSock: version 1.1 (2.2), MaxSocks=32767, MaxUdp=65467
LogInit: Build: ++UE4+Release-4.22-CL-7053642
LogInit: Engine Version: 4.22.3-7053642+++UE4+Release-4.22
LogInit: Compatible Engine Version: 4.22.0-5660361+++UE4+Release-4.22
LogInit: Net CL: 5660361
LogInit: OS: Windows 10 (Release 1809) (), CPU: Intel(R) Core(TM) i7-6700 CPU @ 3.40GHz, GPU: NVIDIA GeForce GTX 980
LogInit: Compiled (64-bit): Jun 18 2019 03:09:11
LogInit: Compiled with Visual C++: 19.16.27025.01
LogInit: Build Configuration: Development
LogInit: Branch Name: ++UE4+Release-4.22
LogInit: Command Line: 
LogInit: Base Directory: C:/Program Files/Epic Games/UE_4.22/Engine/Binaries/Win64/
LogInit: Installed Engine Build: 1
LogDevObjectVersion: Number of dev versions registered: 23
LogDevObjectVersion:   Dev-Blueprints (B0D832E4-1F89-4F0D-ACCF-7EB736FD4AA2): 10
LogDevObjectVersion:   Dev-Build (E1C64328-A22C-4D53-A36C-8E866417BD8C): 0
LogDevObjectVersion:   Dev-Core (375EC13C-06E4-48FB-B500-84F0262A717E): 3
LogDevObjectVersion:   Dev-Editor (E4B068ED-F494-42E9-A231-DA0B2E46BB41): 30
LogDevObjectVersion:   Dev-Framework (CFFC743F-43B0-4480-9391-14DF171D2073): 35
LogDevObjectVersion:   Dev-Mobile (B02B49B5-BB20-44E9-A304-32B752E40360): 2
LogDevObjectVersion:   Dev-Networking (A4E4105C-59A1-49B5-A7C5-40C4547EDFEE): 0
LogDevObjectVersion:   Dev-Online (39C831C9-5AE6-47DC-9A44-9C173E1C8E7C): 0
LogDevObjectVersion:   Dev-Physics (78F01B33-EBEA-4F98-B9B4-84EACCB95AA2): 0
LogDevObjectVersion:   Dev-Platform (6631380F-2D4D-43E0-8009-CF276956A95A): 0
LogDevObjectVersion:   Dev-Rendering (12F88B9F-8875-4AFC-A67C-D90C383ABD29): 28
LogDevObjectVersion:   Dev-Sequencer (7B5AE74C-D270-4C10-A958-57980B212A5A): 11
LogDevObjectVersion:   Dev-VR (D7296918-1DD6-4BDD-9DE2-64A83CC13884): 2
LogDevObjectVersion:   Dev-LoadTimes (C2A15278-BFE7-4AFE-6C17-90FF531DF755): 1
LogDevObjectVersion:   Private-Geometry (6EACA3D4-40EC-4CC1-B786-8BED09428FC5): 3
LogDevObjectVersion:   Dev-AnimPhys (29E575DD-E0A3-4627-9D10-D276232CDCEA): 17
LogDevObjectVersion:   Dev-Anim (AF43A65D-7FD3-4947-9873-3E8ED9C1BB05): 2
LogDevObjectVersion:   Dev-ReflectionCapture (6B266CEC-1EC7-4B8F-A30B-E4D90942FC07): 1
LogDevObjectVersion:   Dev-Automation (0DF73D61-A23F-47EA-B727-89E90C41499A): 1
LogDevObjectVersion:   FortniteMain (601D1886-AC64-4F84-AA16-D3DE0DEAC7D6): 25
LogDevObjectVersion:   Dev-Enterprise (9DFFBCD6-494F-0158-E221-12823C92A888): 6
LogDevObjectVersion:   Dev-Niagara (F2AED0AC-9AFE-416F-8664-AA7FFA26D6FC): 1
LogDevObjectVersion:   Dev-Destruction (174F1F0B-B4C6-45A5-B13F-2EE8D0FB917D): 2
LogInit: Presizing for max 16777216 objects, including 0 objects not considered by GC, pre-allocating 0 bytes for permanent pool.
LogInit: Object subsystem initialized
LogConfig: Setting CVar [[con.DebugEarlyDefault:1]]
LogConfig: Setting CVar [[r.setres:1280x720]]
[2019.09.24-04.39.53:179][  0]LogConfig: Setting CVar [[r.VSync:0]]
[2019.09.24-04.39.53:179][  0]LogConfig: Setting CVar [[r.RHICmdBypass:0]]
[2019.09.24-04.39.53:179][  0]LogConfig: Applying CVar settings from Section [/Script/Engine.RendererSettings] File [C:/Users/nshabir/Documents/Prototype1_Heteronomy/Saved/Config/Windows/Engine.ini]
[2019.09.24-04.39.53:179][  0]LogConfig: Setting CVar [[r.GPUCrashDebugging:0]]
[2019.09.24-04.39.53:179][  0]LogConfig: Applying CVar settings from Section [/Script/Engine.RendererOverrideSettings] File [C:/Users/nshabir/Documents/Prototype1_Heteronomy/Saved/Config/Windows/Engine.ini]
[2019.09.24-04.39.53:179][  0]LogConfig: Applying CVar settings from Section [/Script/Engine.StreamingSettings] File [C:/Users/nshabir/Documents/Prototype1_Heteronomy/Saved/Config/Windows/Engine.ini]
[2019.09.24-04.39.53:179][  0]LogConfig: Setting CVar [[s.MinBulkDataSizeForAsyncLoading:131072]]
[2019.09.24-04.39.53:179][  0]LogConfig: Setting CVar [[s.AsyncLoadingThreadEnabled:0]]
[2019.09.24-04.39.53:179][  0]LogConfig: Setting CVar [[s.EventDrivenLoaderEnabled:1]]
[2019.09.24-04.39.53:179][  0]LogConfig: Setting CVar [[s.WarnIfTimeLimitExceeded:0]]
[2019.09.24-04.39.53:179][  0]LogConfig: Setting CVar [[s.TimeLimitExceededMultiplier:1.5]]
[2019.09.24-04.39.53:179][  0]LogConfig: Setting CVar [[s.TimeLimitExceededMinTime:0.005]]
[2019.09.24-04.39.53:179][  0]LogConfig: Setting CVar [[s.UseBackgroundLevelStreaming:1]]
[2019.09.24-04.39.53:179][  0]LogConfig: Setting CVar [[s.PriorityAsyncLoadingExtraTime:15.0]]
[2019.09.24-04.39.53:179][  0]LogConfig: Setting CVar [[s.LevelStreamingActorsUpdateTimeLimit:5.0]]
[2019.09.24-04.39.53:179][  0]LogConfig: Setting CVar [[s.PriorityLevelStreamingActorsUpdateExtraTime:5.0]]
[2019.09.24-04.39.53:179][  0]LogConfig: Setting CVar [[s.LevelStreamingComponentsRegistrationGranularity:10]]
[2019.09.24-04.39.53:179][  0]LogConfig: Setting CVar [[s.UnregisterComponentsTimeLimit:1.0]]
[2019.09.24-04.39.53:179][  0]LogConfig: Setting CVar [[s.LevelStreamingComponentsUnregistrationGranularity:5]]
[2019.09.24-04.39.53:179][  0]LogConfig: Applying CVar settings from Section [/Script/Engine.GarbageCollectionSettings] File [C:/Users/nshabir/Documents/Prototype1_Heteronomy/Saved/Config/Windows/Engine.ini]
[2019.09.24-04.39.53:179][  0]LogConfig: Setting CVar [[gc.MaxObjectsNotConsideredByGC:1]]
[2019.09.24-04.39.53:179][  0]LogConfig: Setting CVar [[gc.SizeOfPermanentObjectPool:0]]
[2019.09.24-04.39.53:179][  0]LogConfig: Setting CVar [[gc.FlushStreamingOnGC:0]]
[2019.09.24-04.39.53:179][  0]LogConfig: Setting CVar [[gc.NumRetriesBeforeForcingGC:10]]
[2019.09.24-04.39.53:179][  0]LogConfig: Setting CVar [[gc.AllowParallelGC:1]]
[2019.09.24-04.39.53:179][  0]LogConfig: Setting CVar [[gc.TimeBetweenPurgingPendingKillObjects:61.1]]
[2019.09.24-04.39.53:179][  0]LogConfig: Setting CVar [[gc.MaxObjectsInEditor:16777216]]
[2019.09.24-04.39.53:179][  0]LogConfig: Setting CVar [[gc.IncrementalBeginDestroyEnabled:1]]
[2019.09.24-04.39.53:179][  0]LogConfig: Setting CVar [[gc.CreateGCClusters:1]]
[2019.09.24-04.39.53:179][  0]LogConfig: Setting CVar [[gc.MinGCClusterSize:5]]
[2019.09.24-04.39.53:179][  0]LogConfig: Setting CVar [[gc.ActorClusteringEnabled:0]]
[2019.09.24-04.39.53:179][  0]LogConfig: Setting CVar [[gc.BlueprintClusteringEnabled:0]]
[2019.09.24-04.39.53:179][  0]LogConfig: Setting CVar [[gc.UseDisregardForGCOnDedicatedServers:0]]
[2019.09.24-04.39.53:179][  0]LogConfig: Applying CVar settings from Section [/Script/Engine.NetworkSettings] File [C:/Users/nshabir/Documents/Prototype1_Heteronomy/Saved/Config/Windows/Engine.ini]
[2019.09.24-04.39.53:179][  0]LogConfig: Applying CVar settings from Section [/Script/UnrealEd.CookerSettings] File [C:/Users/nshabir/Documents/Prototype1_Heteronomy/Saved/Config/Windows/Engine.ini]
[2019.09.24-04.39.53:183][  0]LogConfig: Applying CVar settings from Section [ViewDistanceQuality@3] File [C:/Users/nshabir/Documents/Prototype1_Heteronomy/Saved/Config/Windows/Scalability.ini]
[2019.09.24-04.39.53:183][  0]LogConfig: Setting CVar [[r.SkeletalMeshLODBias:0]]
[2019.09.24-04.39.53:183][  0]LogConfig: Setting CVar [[r.ViewDistanceScale:1.0]]
[2019.09.24-04.39.53:183][  0]LogConfig: Applying CVar settings from Section [AntiAliasingQuality@3] File [C:/Users/nshabir/Documents/Prototype1_Heteronomy/Saved/Config/Windows/Scalability.ini]
[2019.09.24-04.39.53:183][  0]LogConfig: Setting CVar [[r.PostProcessAAQuality:4]]
[2019.09.24-04.39.53:183][  0]LogConfig: Applying CVar settings from Section [ShadowQuality@3] File [C:/Users/nshabir/Documents/Prototype1_Heteronomy/Saved/Config/Windows/Scalability.ini]
[2019.09.24-04.39.53:183][  0]LogConfig: Setting CVar [[r.LightFunctionQuality:1]]
[2019.09.24-04.39.53:183][  0]LogConfig: Setting CVar [[r.ShadowQuality:5]]
[2019.09.24-04.39.53:183][  0]LogConfig: Setting CVar [[r.Shadow.CSM.MaxCascades:10]]
[2019.09.24-04.39.53:183][  0]LogConfig: Setting CVar [[r.Shadow.MaxResolution:2048]]
[2019.09.24-04.39.53:183][  0]LogConfig: Setting CVar [[r.Shadow.MaxCSMResolution:2048]]
[2019.09.24-04.39.53:183][  0]LogConfig: Setting CVar [[r.Shadow.RadiusThreshold:0.01]]
[2019.09.24-04.39.53:183][  0]LogConfig: Setting CVar [[r.Shadow.DistanceScale:1.0]]
[2019.09.24-04.39.53:183][  0]LogConfig: Setting CVar [[r.Shadow.CSM.TransitionScale:1.0]]
[2019.09.24-04.39.53:183][  0]LogConfig: Setting CVar [[r.Shadow.PreShadowResolutionFactor:1.0]]
[2019.09.24-04.39.53:183][  0]LogConfig: Setting CVar [[r.DistanceFieldShadowing:1]]
[2019.09.24-04.39.53:183][  0]LogConfig: Setting CVar [[r.DistanceFieldAO:1]]
[2019.09.24-04.39.53:183][  0]LogConfig: Setting CVar [[r.AOQuality:2]]
[2019.09.24-04.39.53:183][  0]LogConfig: Setting CVar [[r.VolumetricFog:1]]
[2019.09.24-04.39.53:183][  0]LogConfig: Setting CVar [[r.VolumetricFog.GridPixelSize:8]]
[2019.09.24-04.39.53:183][  0]LogConfig: Setting CVar [[r.VolumetricFog.GridSizeZ:128]]
[2019.09.24-04.39.53:183][  0]LogConfig: Setting CVar [[r.VolumetricFog.HistoryMissSupersampleCount:4]]
[2019.09.24-04.39.53:183][  0]LogConfig: Setting CVar [[r.LightMaxDrawDistanceScale:1]]
[2019.09.24-04.39.53:183][  0]LogConfig: Setting CVar [[r.CapsuleShadows:1]]
[2019.09.24-04.39.53:183][  0]LogConfig: Applying CVar settings from Section [PostProcessQuality@3] File [C:/Users/nshabir/Documents/Prototype1_Heteronomy/Saved/Config/Windows/Scalability.ini]
[2019.09.24-04.39.53:183][  0]LogConfig: Setting CVar [[r.MotionBlurQuality:4]]
[2019.09.24-04.39.53:183][  0]LogConfig: Setting CVar [[r.AmbientOcclusionMipLevelFactor:0.4]]
[2019.09.24-04.39.53:183][  0]LogConfig: Setting CVar [[r.AmbientOcclusionMaxQuality:100]]
[2019.09.24-04.39.53:183][  0]LogConfig: Setting CVar [[r.AmbientOcclusionLevels:-1]]
[2019.09.24-04.39.53:183][  0]LogConfig: Setting CVar [[r.AmbientOcclusionRadiusScale:1.0]]
[2019.09.24-04.39.53:183][  0]LogConfig: Setting CVar [[r.DepthOfFieldQuality:2]]
[2019.09.24-04.39.53:183][  0]LogConfig: Setting CVar [[r.RenderTargetPoolMin:400]]
[2019.09.24-04.39.53:183][  0]LogConfig: Setting CVar [[r.LensFlareQuality:2]]
[2019.09.24-04.39.53:183][  0]LogConfig: Setting CVar [[r.SceneColorFringeQuality:1]]
[2019.09.24-04.39.53:183][  0]LogConfig: Setting CVar [[r.EyeAdaptationQuality:2]]
[2019.09.24-04.39.53:183][  0]LogConfig: Setting CVar [[r.BloomQuality:5]]
[2019.09.24-04.39.53:184][  0]LogConfig: Setting CVar [[r.FastBlurThreshold:100]]
[2019.09.24-04.39.53:184][  0]LogConfig: Setting CVar [[r.Upscale.Quality:3]]
[2019.09.24-04.39.53:184][  0]LogConfig: Setting CVar [[r.Tonemapper.GrainQuantization:1]]
[2019.09.24-04.39.53:184][  0]LogConfig: Setting CVar [[r.LightShaftQuality:1]]
[2019.09.24-04.39.53:184][  0]LogConfig: Setting CVar [[r.Filter.SizeScale:1]]
[2019.09.24-04.39.53:184][  0]LogConfig: Setting CVar [[r.Tonemapper.Quality:5]]
[2019.09.24-04.39.53:184][  0]LogConfig: Setting CVar [[r.DOF.Gather.AccumulatorQuality:1        ; higher gathering accumulator quality]]
[2019.09.24-04.39.53:184][  0]LogConfig: Setting CVar [[r.DOF.Gather.PostfilterMethod:1          ; Median3x3 postfilering method]]
[2019.09.24-04.39.53:184][  0]LogConfig: Setting CVar [[r.DOF.Gather.EnableBokehSettings:0       ; no bokeh simulation when gathering]]
[2019.09.24-04.39.53:184][  0]LogConfig: Setting CVar [[r.DOF.Gather.RingCount:4                 ; medium number of samples when gathering]]
[2019.09.24-04.39.53:184][  0]LogConfig: Setting CVar [[r.DOF.Scatter.ForegroundCompositing:1    ; additive foreground scattering]]
[2019.09.24-04.39.53:184][  0]LogConfig: Setting CVar [[r.DOF.Scatter.BackgroundCompositing:2    ; additive background scattering]]
[2019.09.24-04.39.53:184][  0]LogConfig: Setting CVar [[r.DOF.Scatter.EnableBokehSettings:1      ; bokeh simulation when scattering]]
[2019.09.24-04.39.53:184][  0]LogConfig: Setting CVar [[r.DOF.Scatter.MaxSpriteRatio:0.1         ; only a maximum of 10% of scattered bokeh]]
[2019.09.24-04.39.53:184][  0]LogConfig: Setting CVar [[r.DOF.Recombine.Quality:1                ; cheap slight out of focus]]
[2019.09.24-04.39.53:184][  0]LogConfig: Setting CVar [[r.DOF.Recombine.EnableBokehSettings:0    ; no bokeh simulation on slight out of focus]]
[2019.09.24-04.39.53:184][  0]LogConfig: Setting CVar [[r.DOF.TemporalAAQuality:1                ; more stable temporal accumulation]]
[2019.09.24-04.39.53:184][  0]LogConfig: Setting CVar [[r.DOF.Kernel.MaxForegroundRadius:0.025]]
[2019.09.24-04.39.53:184][  0]LogConfig: Setting CVar [[r.DOF.Kernel.MaxBackgroundRadius:0.025]]
[2019.09.24-04.39.53:184][  0]LogConfig: Applying CVar settings from Section [TextureQuality@3] File [C:/Users/nshabir/Documents/Prototype1_Heteronomy/Saved/Config/Windows/Scalability.ini]
[2019.09.24-04.39.53:184][  0]LogConfig: Setting CVar [[r.Streaming.MipBias:0]]
[2019.09.24-04.39.53:184][  0]LogConfig: Setting CVar [[r.Streaming.AmortizeCPUToGPUCopy:0]]
[2019.09.24-04.39.53:184][  0]LogConfig: Setting CVar [[r.Streaming.MaxNumTexturesToStreamPerFrame:0]]
[2019.09.24-04.39.53:184][  0]LogConfig: Setting CVar [[r.Streaming.Boost:1]]
[2019.09.24-04.39.53:184][  0]LogConfig: Setting CVar [[r.MaxAnisotropy:8]]
[2019.09.24-04.39.53:184][  0]LogConfig: Setting CVar [[r.Streaming.LimitPoolSizeToVRAM:0]]
[2019.09.24-04.39.53:184][  0]LogConfig: Setting CVar [[r.Streaming.PoolSize:1000]]
[2019.09.24-04.39.53:184][  0]LogConfig: Setting CVar [[r.Streaming.MaxEffectiveScreenSize:0]]
[2019.09.24-04.39.53:184][  0]LogConfig: Applying CVar settings from Section [EffectsQuality@3] File [C:/Users/nshabir/Documents/Prototype1_Heteronomy/Saved/Config/Windows/Scalability.ini]
[2019.09.24-04.39.53:184][  0]LogConfig: Setting CVar [[r.TranslucencyLightingVolumeDim:64]]
[2019.09.24-04.39.53:184][  0]LogConfig: Setting CVar [[r.RefractionQuality:2]]
[2019.09.24-04.39.53:184][  0]LogConfig: Setting CVar [[r.SSR.Quality:3]]
[2019.09.24-04.39.53:184][  0]LogConfig: Setting CVar [[r.SceneColorFormat:4]]
[2019.09.24-04.39.53:184][  0]LogConfig: Setting CVar [[r.DetailMode:2]]
[2019.09.24-04.39.53:184][  0]LogConfig: Setting CVar [[r.TranslucencyVolumeBlur:1]]
[2019.09.24-04.39.53:184][  0]LogConfig: Setting CVar [[r.MaterialQualityLevel:1 ; High quality]]
[2019.09.24-04.39.53:184][  0]LogConfig: Setting CVar [[r.SSS.Scale:1]]
[2019.09.24-04.39.53:184][  0]LogConfig: Setting CVar [[r.SSS.SampleSet:2]]
[2019.09.24-04.39.53:184][  0]LogConfig: Setting CVar [[r.SSS.Quality:1]]
[2019.09.24-04.39.53:184][  0]LogConfig: Setting CVar [[r.SSS.HalfRes:1]]
[2019.09.24-04.39.53:184][  0]LogConfig: Setting CVar [[r.EmitterSpawnRateScale:1.0]]
[2019.09.24-04.39.53:184][  0]LogConfig: Setting CVar [[r.ParticleLightQuality:2]]
[2019.09.24-04.39.53:184][  0]LogConfig: Applying CVar settings from Section [FoliageQuality@3] File [C:/Users/nshabir/Documents/Prototype1_Heteronomy/Saved/Config/Windows/Scalability.ini]
[2019.09.24-04.39.53:184][  0]LogConfig: Setting CVar [[foliage.DensityScale:1.0]]
[2019.09.24-04.39.53:184][  0]LogConfig: Setting CVar [[grass.DensityScale:1.0]]
[2019.09.24-04.39.53:185][  0]LogInit: Selected Device Profile: [Windows]
[2019.09.24-04.39.53:185][  0]LogInit: Applying CVar settings loaded from the selected device profile: [Windows]
[2019.09.24-04.39.53:200][  0]LogHAL: Display: Platform has ~ 32 GB [34270691328 / 34359738368 / 32], which maps to Largest [LargestMinGB=32, LargerMinGB=12, DefaultMinGB=8, SmallerMinGB=6, SmallestMinGB=0)
[2019.09.24-04.39.53:200][  0]LogConfig: Setting CVar [[r.Vulkan.UseRealUBs:0		; Required until we fix HLR fall-out]]
[2019.09.24-04.39.53:200][  0]LogInit: Going up to parent DeviceProfile []
[2019.09.24-04.39.53:200][  0]LogConfig: Applying CVar settings from Section [ViewDistanceQuality@3] File [C:/Users/nshabir/Documents/Prototype1_Heteronomy/Saved/Config/Windows/Scalability.ini]
[2019.09.24-04.39.53:201][  0]LogConfig: Setting CVar [[r.SkeletalMeshLODBias:0]]
[2019.09.24-04.39.53:201][  0]LogConfig: Setting CVar [[r.ViewDistanceScale:1.0]]
[2019.09.24-04.39.53:201][  0]LogConfig: Applying CVar settings from Section [AntiAliasingQuality@3] File [C:/Users/nshabir/Documents/Prototype1_Heteronomy/Saved/Config/Windows/Scalability.ini]
[2019.09.24-04.39.53:201][  0]LogConfig: Setting CVar [[r.PostProcessAAQuality:4]]
[2019.09.24-04.39.53:201][  0]LogConfig: Applying CVar settings from Section [ShadowQuality@3] File [C:/Users/nshabir/Documents/Prototype1_Heteronomy/Saved/Config/Windows/Scalability.ini]
[2019.09.24-04.39.53:201][  0]LogConfig: Setting CVar [[r.LightFunctionQuality:1]]
[2019.09.24-04.39.53:201][  0]LogConfig: Setting CVar [[r.ShadowQuality:5]]
[2019.09.24-04.39.53:201][  0]LogConfig: Setting CVar [[r.Shadow.CSM.MaxCascades:10]]
[2019.09.24-04.39.53:201][  0]LogConfig: Setting CVar [[r.Shadow.MaxResolution:2048]]
[2019.09.24-04.39.53:201][  0]LogConfig: Setting CVar [[r.Shadow.MaxCSMResolution:2048]]
[2019.09.24-04.39.53:201][  0]LogConfig: Setting CVar [[r.Shadow.RadiusThreshold:0.01]]
[2019.09.24-04.39.53:201][  0]LogConfig: Setting CVar [[r.Shadow.DistanceScale:1.0]]
[2019.09.24-04.39.53:201][  0]LogConfig: Setting CVar [[r.Shadow.CSM.TransitionScale:1.0]]
[2019.09.24-04.39.53:201][  0]LogConfig: Setting CVar [[r.Shadow.PreShadowResolutionFactor:1.0]]
[2019.09.24-04.39.53:201][  0]LogConfig: Setting CVar [[r.DistanceFieldShadowing:1]]
[2019.09.24-04.39.53:201][  0]LogConfig: Setting CVar [[r.DistanceFieldAO:1]]
[2019.09.24-04.39.53:201][  0]LogConfig: Setting CVar [[r.AOQuality:2]]
[2019.09.24-04.39.53:201][  0]LogConfig: Setting CVar [[r.VolumetricFog:1]]
[2019.09.24-04.39.53:201][  0]LogConfig: Setting CVar [[r.VolumetricFog.GridPixelSize:8]]
[2019.09.24-04.39.53:201][  0]LogConfig: Setting CVar [[r.VolumetricFog.GridSizeZ:128]]
[2019.09.24-04.39.53:201][  0]LogConfig: Setting CVar [[r.VolumetricFog.HistoryMissSupersampleCount:4]]
[2019.09.24-04.39.53:201][  0]LogConfig: Setting CVar [[r.LightMaxDrawDistanceScale:1]]
[2019.09.24-04.39.53:201][  0]LogConfig: Setting CVar [[r.CapsuleShadows:1]]
[2019.09.24-04.39.53:201][  0]LogConfig: Applying CVar settings from Section [PostProcessQuality@3] File [C:/Users/nshabir/Documents/Prototype1_Heteronomy/Saved/Config/Windows/Scalability.ini]
[2019.09.24-04.39.53:201][  0]LogConfig: Setting CVar [[r.MotionBlurQuality:4]]
[2019.09.24-04.39.53:201][  0]LogConfig: Setting CVar [[r.AmbientOcclusionMipLevelFactor:0.4]]
[2019.09.24-04.39.53:201][  0]LogConfig: Setting CVar [[r.AmbientOcclusionMaxQuality:100]]
[2019.09.24-04.39.53:201][  0]LogConfig: Setting CVar [[r.AmbientOcclusionLevels:-1]]
[2019.09.24-04.39.53:201][  0]LogConfig: Setting CVar [[r.AmbientOcclusionRadiusScale:1.0]]
[2019.09.24-04.39.53:201][  0]LogConfig: Setting CVar [[r.DepthOfFieldQuality:2]]
[2019.09.24-04.39.53:201][  0]LogConfig: Setting CVar [[r.RenderTargetPoolMin:400]]
[2019.09.24-04.39.53:201][  0]LogConfig: Setting CVar [[r.LensFlareQuality:2]]
[2019.09.24-04.39.53:201][  0]LogConfig: Setting CVar [[r.SceneColorFringeQuality:1]]
[2019.09.24-04.39.53:201][  0]LogConfig: Setting CVar [[r.EyeAdaptationQuality:2]]
[2019.09.24-04.39.53:201][  0]LogConfig: Setting CVar [[r.BloomQuality:5]]
[2019.09.24-04.39.53:201][  0]LogConfig: Setting CVar [[r.FastBlurThreshold:100]]
[2019.09.24-04.39.53:201][  0]LogConfig: Setting CVar [[r.Upscale.Quality:3]]
[2019.09.24-04.39.53:201][  0]LogConfig: Setting CVar [[r.Tonemapper.GrainQuantization:1]]
[2019.09.24-04.39.53:201][  0]LogConfig: Setting CVar [[r.LightShaftQuality:1]]
[2019.09.24-04.39.53:201][  0]LogConfig: Setting CVar [[r.Filter.SizeScale:1]]
[2019.09.24-04.39.53:201][  0]LogConfig: Setting CVar [[r.Tonemapper.Quality:5]]
[2019.09.24-04.39.53:201][  0]LogConfig: Setting CVar [[r.DOF.Gather.AccumulatorQuality:1        ; higher gathering accumulator quality]]
[2019.09.24-04.39.53:201][  0]LogConfig: Setting CVar [[r.DOF.Gather.PostfilterMethod:1          ; Median3x3 postfilering method]]
[2019.09.24-04.39.53:201][  0]LogConfig: Setting CVar [[r.DOF.Gather.EnableBokehSettings:0       ; no bokeh simulation when gathering]]
[2019.09.24-04.39.53:201][  0]LogConfig: Setting CVar [[r.DOF.Gather.RingCount:4                 ; medium number of samples when gathering]]
[2019.09.24-04.39.53:201][  0]LogConfig: Setting CVar [[r.DOF.Scatter.ForegroundCompositing:1    ; additive foreground scattering]]
[2019.09.24-04.39.53:201][  0]LogConfig: Setting CVar [[r.DOF.Scatter.BackgroundCompositing:2    ; additive background scattering]]
[2019.09.24-04.39.53:201][  0]LogConfig: Setting CVar [[r.DOF.Scatter.EnableBokehSettings:1      ; bokeh simulation when scattering]]
[2019.09.24-04.39.53:201][  0]LogConfig: Setting CVar [[r.DOF.Scatter.MaxSpriteRatio:0.1         ; only a maximum of 10% of scattered bokeh]]
[2019.09.24-04.39.53:201][  0]LogConfig: Setting CVar [[r.DOF.Recombine.Quality:1                ; cheap slight out of focus]]
[2019.09.24-04.39.53:201][  0]LogConfig: Setting CVar [[r.DOF.Recombine.EnableBokehSettings:0    ; no bokeh simulation on slight out of focus]]
[2019.09.24-04.39.53:201][  0]LogConfig: Setting CVar [[r.DOF.TemporalAAQuality:1                ; more stable temporal accumulation]]
[2019.09.24-04.39.53:201][  0]LogConfig: Setting CVar [[r.DOF.Kernel.MaxForegroundRadius:0.025]]
[2019.09.24-04.39.53:201][  0]LogConfig: Setting CVar [[r.DOF.Kernel.MaxBackgroundRadius:0.025]]
[2019.09.24-04.39.53:201][  0]LogConfig: Applying CVar settings from Section [TextureQuality@3] File [C:/Users/nshabir/Documents/Prototype1_Heteronomy/Saved/Config/Windows/Scalability.ini]
[2019.09.24-04.39.53:201][  0]LogConfig: Setting CVar [[r.Streaming.MipBias:0]]
[2019.09.24-04.39.53:201][  0]LogConfig: Setting CVar [[r.Streaming.AmortizeCPUToGPUCopy:0]]
[2019.09.24-04.39.53:201][  0]LogConfig: Setting CVar [[r.Streaming.MaxNumTexturesToStreamPerFrame:0]]
[2019.09.24-04.39.53:201][  0]LogConfig: Setting CVar [[r.Streaming.Boost:1]]
[2019.09.24-04.39.53:201][  0]LogConfig: Setting CVar [[r.MaxAnisotropy:8]]
[2019.09.24-04.39.53:201][  0]LogConfig: Setting CVar [[r.Streaming.LimitPoolSizeToVRAM:0]]
[2019.09.24-04.39.53:202][  0]LogConfig: Setting CVar [[r.Streaming.PoolSize:1000]]
[2019.09.24-04.39.53:202][  0]LogConfig: Setting CVar [[r.Streaming.MaxEffectiveScreenSize:0]]
[2019.09.24-04.39.53:202][  0]LogConfig: Applying CVar settings from Section [EffectsQuality@3] File [C:/Users/nshabir/Documents/Prototype1_Heteronomy/Saved/Config/Windows/Scalability.ini]
[2019.09.24-04.39.53:202][  0]LogConfig: Setting CVar [[r.TranslucencyLightingVolumeDim:64]]
[2019.09.24-04.39.53:202][  0]LogConfig: Setting CVar [[r.RefractionQuality:2]]
[2019.09.24-04.39.53:202][  0]LogConfig: Setting CVar [[r.SSR.Quality:3]]
[2019.09.24-04.39.53:202][  0]LogConfig: Setting CVar [[r.SceneColorFormat:4]]
[2019.09.24-04.39.53:202][  0]LogConfig: Setting CVar [[r.DetailMode:2]]
[2019.09.24-04.39.53:202][  0]LogConfig: Setting CVar [[r.TranslucencyVolumeBlur:1]]
[2019.09.24-04.39.53:202][  0]LogConfig: Setting CVar [[r.MaterialQualityLevel:1 ; High quality]]
[2019.09.24-04.39.53:202][  0]LogConfig: Setting CVar [[r.SSS.Scale:1]]
[2019.09.24-04.39.53:202][  0]LogConfig: Setting CVar [[r.SSS.SampleSet:2]]
[2019.09.24-04.39.53:202][  0]LogConfig: Setting CVar [[r.SSS.Quality:1]]
[2019.09.24-04.39.53:202][  0]LogConfig: Setting CVar [[r.SSS.HalfRes:1]]
[2019.09.24-04.39.53:202][  0]LogConfig: Setting CVar [[r.EmitterSpawnRateScale:1.0]]
[2019.09.24-04.39.53:202][  0]LogConfig: Setting CVar [[r.ParticleLightQuality:2]]
[2019.09.24-04.39.53:202][  0]LogConfig: Applying CVar settings from Section [FoliageQuality@3] File [C:/Users/nshabir/Documents/Prototype1_Heteronomy/Saved/Config/Windows/Scalability.ini]
[2019.09.24-04.39.53:202][  0]LogConfig: Setting CVar [[foliage.DensityScale:1.0]]
[2019.09.24-04.39.53:202][  0]LogConfig: Setting CVar [[grass.DensityScale:1.0]]
[2019.09.24-04.39.53:202][  0]LogConfig: Applying CVar settings from Section [Startup] File [../../../Engine/Config/ConsoleVariables.ini]
[2019.09.24-04.39.53:202][  0]LogConfig: Setting CVar [[net.UseAdaptiveNetUpdateFrequency:0]]
[2019.09.24-04.39.53:202][  0]LogConfig: Setting CVar [[p.chaos.AllowCreatePhysxBodies:1]]
[2019.09.24-04.39.53:202][  0]LogConfig: Applying CVar settings from Section [ConsoleVariables] File [C:/Users/nshabir/Documents/Prototype1_Heteronomy/Saved/Config/Windows/Engine.ini]
[2019.09.24-04.39.53:202][  0]LogInit: Computer: MEL-108-2526W
[2019.09.24-04.39.53:202][  0]LogInit: User: nshabir
[2019.09.24-04.39.53:202][  0]LogInit: CPU Page size=4096, Cores=4
[2019.09.24-04.39.53:202][  0]LogInit: High frequency timer resolution =10.000000 MHz
[2019.09.24-04.39.53:202][  0]LogMemory: Memory total: Physical=31.9GB (32GB approx)
[2019.09.24-04.39.53:202][  0]LogMemory: Platform Memory Stats for Windows
[2019.09.24-04.39.53:202][  0]LogMemory: Process Physical Memory: 96.66 MB used, 96.66 MB peak
[2019.09.24-04.39.53:202][  0]LogMemory: Process Virtual Memory: 89.15 MB used, 89.15 MB peak
[2019.09.24-04.39.53:202][  0]LogMemory: Physical Memory: 5577.04 MB used,  27106.04 MB free, 32683.08 MB total
[2019.09.24-04.39.53:202][  0]LogMemory: Virtual Memory: 4656.78 MB used,  134213072.00 MB free, 134217728.00 MB total
[2019.09.24-04.39.53:227][  0]LogInit: Using OS detected language (en-US).
[2019.09.24-04.39.53:227][  0]LogInit: Using OS detected locale (en-AU).
[2019.09.24-04.39.53:229][  0]LogTextLocalizationManager: No specific localization for 'en-US' exists, so the 'en' localization will be used.
[2019.09.24-04.39.53:401][  0]LogInit: Setting process to per monitor DPI aware
[2019.09.24-04.39.53:442][  0]LogSlate: New Slate User Created.  User Index 0, Is Virtual User: 0
[2019.09.24-04.39.53:442][  0]LogSlate: Slate User Registered.  User Index 0, Is Virtual User: 0
[2019.09.24-04.39.53:633][  0]LogHMD: Failed to initialize OpenVR with code 110
[2019.09.24-04.39.53:633][  0]LogD3D11RHI: D3D11 adapters:
[2019.09.24-04.39.53:696][  0]LogD3D11RHI:    0. 'NVIDIA GeForce GTX 980' (Feature Level 11_0)
[2019.09.24-04.39.53:696][  0]LogD3D11RHI:       4053/0/16341 MB DedicatedVideo/DedicatedSystem/SharedSystem, Outputs:1, VendorId:0x10de
[2019.09.24-04.39.53:699][  0]LogD3D11RHI:    1. 'Microsoft Basic Render Driver' (Feature Level 11_0)
[2019.09.24-04.39.53:699][  0]LogD3D11RHI:       0/0/16341 MB DedicatedVideo/DedicatedSystem/SharedSystem, Outputs:0, VendorId:0x1414
[2019.09.24-04.39.53:699][  0]LogD3D11RHI: Chosen D3D11 Adapter: 0
[2019.09.24-04.39.53:705][  0]LogD3D11RHI: Creating new Direct3DDevice
[2019.09.24-04.39.53:705][  0]LogD3D11RHI:     GPU DeviceId: 0x13c0 (for the marketing name, search the web for "GPU Device Id")
[2019.09.24-04.39.53:705][  0]LogWindows: EnumDisplayDevices:
[2019.09.24-04.39.53:705][  0]LogWindows:    0. 'NVIDIA GeForce GTX 980' (P:1 D:1)
[2019.09.24-04.39.53:706][  0]LogWindows:    1. 'NVIDIA GeForce GTX 980' (P:0 D:0)
[2019.09.24-04.39.53:706][  0]LogWindows:    2. 'NVIDIA GeForce GTX 980' (P:0 D:0)
[2019.09.24-04.39.53:707][  0]LogWindows:    3. 'NVIDIA GeForce GTX 980' (P:0 D:0)
[2019.09.24-04.39.53:707][  0]LogWindows: DebugString: FoundDriverCount:4 
[2019.09.24-04.39.53:707][  0]LogD3D11RHI:     Adapter Name: NVIDIA GeForce GTX 980
[2019.09.24-04.39.53:707][  0]LogD3D11RHI:   Driver Version: 431.60 (internal:26.21.14.3160, unified:431.60)
[2019.09.24-04.39.53:707][  0]LogD3D11RHI:      Driver Date: 7-17-2019
[2019.09.24-04.39.53:707][  0]LogRHI: Texture pool is 2837 MB (70% of 4053 MB)
[2019.09.24-04.39.53:745][  0]LogD3D11RHI: Async texture creation enabled
[2019.09.24-04.39.53:750][  0]LogRendererCore: FGlobalReadBuffer::InitRHI
[2019.09.24-04.39.53:750][  0]LogRendererCore: FGlobalReadBuffer::InitRHI
[2019.09.24-04.39.53:750][  0]LogRendererCore: FGlobalReadBuffer::InitRHI
[2019.09.24-04.39.53:758][  0]LogD3D11RHI: GPU Timing Frequency: 1000.000000 (Debug: 2 1)
[2019.09.24-04.39.54:174][  0]LogTemp: Display: Module 'AllDesktopTargetPlatform' loaded TargetPlatform 'AllDesktop'
[2019.09.24-04.39.54:188][  0]LogTemp: Display: Module 'MacClientTargetPlatform' loaded TargetPlatform 'MacClient'
[2019.09.24-04.39.54:202][  0]LogTemp: Display: Module 'MacNoEditorTargetPlatform' loaded TargetPlatform 'MacNoEditor'
[2019.09.24-04.39.54:217][  0]LogTemp: Display: Module 'MacServerTargetPlatform' loaded TargetPlatform 'MacServer'
[2019.09.24-04.39.54:235][  0]LogTemp: Display: Module 'MacTargetPlatform' loaded TargetPlatform 'Mac'
[2019.09.24-04.39.54:249][  0]LogTemp: Display: Module 'WindowsClientTargetPlatform' loaded TargetPlatform 'WindowsClient'
[2019.09.24-04.39.54:262][  0]LogTemp: Display: Module 'WindowsNoEditorTargetPlatform' loaded TargetPlatform 'WindowsNoEditor'
[2019.09.24-04.39.54:283][  0]LogTemp: Display: Module 'WindowsServerTargetPlatform' loaded TargetPlatform 'WindowsServer'
[2019.09.24-04.39.54:290][  0]LogTemp: Display: Module 'WindowsTargetPlatform' loaded TargetPlatform 'Windows'
[2019.09.24-04.39.54:363][  0]LogTemp: Display: Module 'AndroidTargetPlatform' loaded TargetPlatform 'Android'
[2019.09.24-04.39.54:363][  0]LogTemp: Display: Module 'AndroidTargetPlatform' loaded TargetPlatform 'Android_ASTC'
[2019.09.24-04.39.54:363][  0]LogTemp: Display: Module 'AndroidTargetPlatform' loaded TargetPlatform 'Android_ATC'
[2019.09.24-04.39.54:363][  0]LogTemp: Display: Module 'AndroidTargetPlatform' loaded TargetPlatform 'Android_DXT'
[2019.09.24-04.39.54:363][  0]LogTemp: Display: Module 'AndroidTargetPlatform' loaded TargetPlatform 'Android_ETC1'
[2019.09.24-04.39.54:363][  0]LogTemp: Display: Module 'AndroidTargetPlatform' loaded TargetPlatform 'Android_ETC1a'
[2019.09.24-04.39.54:363][  0]LogTemp: Display: Module 'AndroidTargetPlatform' loaded TargetPlatform 'Android_ETC2'
[2019.09.24-04.39.54:363][  0]LogTemp: Display: Module 'AndroidTargetPlatform' loaded TargetPlatform 'Android_PVRTC'
[2019.09.24-04.39.54:363][  0]LogTemp: Display: Module 'AndroidTargetPlatform' loaded TargetPlatform 'AndroidClient'
[2019.09.24-04.39.54:364][  0]LogTemp: Display: Module 'AndroidTargetPlatform' loaded TargetPlatform 'Android_ASTCClient'
[2019.09.24-04.39.54:364][  0]LogTemp: Display: Module 'AndroidTargetPlatform' loaded TargetPlatform 'Android_ATCClient'
[2019.09.24-04.39.54:364][  0]LogTemp: Display: Module 'AndroidTargetPlatform' loaded TargetPlatform 'Android_DXTClient'
[2019.09.24-04.39.54:364][  0]LogTemp: Display: Module 'AndroidTargetPlatform' loaded TargetPlatform 'Android_ETC1Client'
[2019.09.24-04.39.54:364][  0]LogTemp: Display: Module 'AndroidTargetPlatform' loaded TargetPlatform 'Android_ETC1aClient'
[2019.09.24-04.39.54:364][  0]LogTemp: Display: Module 'AndroidTargetPlatform' loaded TargetPlatform 'Android_ETC2Client'
[2019.09.24-04.39.54:364][  0]LogTemp: Display: Module 'AndroidTargetPlatform' loaded TargetPlatform 'Android_PVRTCClient'
[2019.09.24-04.39.54:364][  0]LogTemp: Display: Module 'AndroidTargetPlatform' loaded TargetPlatform 'Android_Multi'
[2019.09.24-04.39.54:364][  0]LogTemp: Display: Module 'AndroidTargetPlatform' loaded TargetPlatform 'Android_MultiClient'
[2019.09.24-04.39.54:365][  0]LogTemp: Display: Module 'HTML5TargetPlatform' loaded TargetPlatform 'HTML5'
[2019.09.24-04.39.54:414][  0]LogTemp: Display: Module 'IOSTargetPlatform' loaded TargetPlatform 'IOSClient'
[2019.09.24-04.39.54:414][  0]LogTemp: Display: Module 'IOSTargetPlatform' loaded TargetPlatform 'IOS'
[2019.09.24-04.39.54:436][  0]LogTemp: Display: Module 'TVOSTargetPlatform' loaded TargetPlatform 'TVOSClient'
[2019.09.24-04.39.54:436][  0]LogTemp: Display: Module 'TVOSTargetPlatform' loaded TargetPlatform 'TVOS'
[2019.09.24-04.39.54:448][  0]LogTemp: Display: Module 'LinuxClientTargetPlatform' loaded TargetPlatform 'LinuxClient'
[2019.09.24-04.39.54:459][  0]LogTemp: Display: Module 'LinuxNoEditorTargetPlatform' loaded TargetPlatform 'LinuxNoEditor'
[2019.09.24-04.39.54:471][  0]LogTemp: Display: Module 'LinuxServerTargetPlatform' loaded TargetPlatform 'LinuxServer'
[2019.09.24-04.39.54:483][  0]LogTemp: Display: Module 'LinuxTargetPlatform' loaded TargetPlatform 'Linux'
[2019.09.24-04.39.54:523][  0]LogTemp: Display: Module 'LuminTargetPlatform' loaded TargetPlatform 'Lumin'
[2019.09.24-04.39.54:523][  0]LogTemp: Display: Module 'LuminTargetPlatform' loaded TargetPlatform 'LuminClient'
[2019.09.24-04.39.54:523][  0]LogTargetPlatformManager: Display: Building Assets For Windows
[2019.09.24-04.39.54:533][  0]LogAudioDebug: Display: Lib vorbis DLL was dynamically loaded.
[2019.09.24-04.39.54:591][  0]LogShaderCompilers: Guid format shader working directory is -16 characters bigger than the processId version (../../../../../../Users/nshabir/Documents/Prototype1_Heteronomy/Intermediate/Shaders/WorkingDirectory/12432/).
[2019.09.24-04.39.54:591][  0]LogShaderCompilers: Cleaned the shader compiler working directory 'C:/Users/nshabir/AppData/Local/Temp/UnrealShaderWorkingDir/46BD7E524CFF40C6AF9D9F974FD057D8/'.
[2019.09.24-04.39.54:594][  0]LogXGEController: Cannot use XGE Controller as Incredibuild is not installed on this machine.
[2019.09.24-04.39.54:594][  0]LogShaderCompilers: Cannot use XGE Shader Compiler as Incredibuild is not installed on this machine.
[2019.09.24-04.39.54:594][  0]LogShaderCompilers: Display: Using Local Shader Compiler.
[2019.09.24-04.39.55:133][  0]LogDerivedDataCache: Display: Max Cache Size: 512 MB
[2019.09.24-04.39.55:176][  0]LogDerivedDataCache: Loaded boot cache 0.04s 73MB C:/Users/nshabir/AppData/Local/UnrealEngine/4.22/DerivedDataCache/Boot.ddc.
[2019.09.24-04.39.55:177][  0]LogDerivedDataCache: Display: Loaded Boot cache: C:/Users/nshabir/AppData/Local/UnrealEngine/4.22/DerivedDataCache/Boot.ddc
[2019.09.24-04.39.55:177][  0]LogDerivedDataCache: FDerivedDataBackendGraph:  Pak pak cache file ../../../../../../Users/nshabir/Documents/Prototype1_Heteronomy/DerivedDataCache/DDC.ddp not found, will not use a pak cache.
[2019.09.24-04.39.55:177][  0]LogDerivedDataCache: Unable to find inner node Pak for hierarchical cache Hierarchy.
[2019.09.24-04.39.55:177][  0]LogDerivedDataCache: FDerivedDataBackendGraph:  CompressedPak pak cache file ../../../../../../Users/nshabir/Documents/Prototype1_Heteronomy/DerivedDataCache/Compressed.ddp not found, will not use a pak cache.
[2019.09.24-04.39.55:177][  0]LogDerivedDataCache: Unable to find inner node CompressedPak for hierarchical cache Hierarchy.
[2019.09.24-04.39.55:188][  0]LogDerivedDataCache: Display: Pak cache opened for reading ../../../Engine/DerivedDataCache/Compressed.ddp.
[2019.09.24-04.39.55:188][  0]LogDerivedDataCache: FDerivedDataBackendGraph:  EnterprisePak pak cache file ../../../Enterprise/DerivedDataCache/Compressed.ddp not found, will not use a pak cache.
[2019.09.24-04.39.55:188][  0]LogDerivedDataCache: Unable to find inner node EnterprisePak for hierarchical cache Hierarchy.
[2019.09.24-04.39.55:201][  0]LogDerivedDataCache: Using Local data cache path C:/Users/nshabir/AppData/Local/UnrealEngine/Common/DerivedDataCache: Writable
[2019.09.24-04.39.55:201][  0]LogDerivedDataCache: Shared data cache path not found in *engine.ini, will not use an Shared cache.
[2019.09.24-04.39.55:201][  0]LogDerivedDataCache: Unable to find inner node Shared for hierarchical cache Hierarchy.
[2019.09.24-04.39.55:223][  0]LogMaterial: Verifying Global Shaders for PCD3D_SM5
[2019.09.24-04.39.55:224][  0]LogSlate: Using FreeType 2.6.0
[2019.09.24-04.39.55:225][  0]LogSlate: SlateFontServices - WITH_FREETYPE: 1, WITH_HARFBUZZ: 1
[2019.09.24-04.39.55:317][  0]LogAssetRegistry: FAssetRegistry took 0.0320 seconds to start up
[2019.09.24-04.39.55:627][  0]LogInit: Selected Device Profile: [Windows]
[2019.09.24-04.39.55:752][  0]LogMeshReduction: Using QuadricMeshReduction for automatic static mesh reduction
[2019.09.24-04.39.55:752][  0]LogMeshReduction: Using SimplygonMeshReduction for automatic skeletal mesh reduction
[2019.09.24-04.39.55:752][  0]LogMeshReduction: Using ProxyLODMeshReduction for automatic mesh merging
[2019.09.24-04.39.55:752][  0]LogMeshReduction: No distributed automatic mesh merging module available
[2019.09.24-04.39.55:752][  0]LogMeshMerging: No distributed automatic mesh merging module available
[2019.09.24-04.39.55:763][  0]LogNetVersion: P1_Heteronomy 1.0.0, NetCL: 5660361, EngineNetVer: 10, GameNetVer: 0 (Checksum: 3369984173)
[2019.09.24-04.39.56:136][  0]LogPackageLocalizationCache: Processed 10 localized package path(s) for 1 prioritized culture(s) in 0.045776 seconds
[2019.09.24-04.39.56:141][  0]LogUObjectArray: 42205 objects as part of root set at end of initial load.
[2019.09.24-04.39.56:141][  0]LogUObjectAllocator: 7325032 out of 0 bytes used by permanent object pool.
[2019.09.24-04.39.56:141][  0]LogUObjectArray: CloseDisregardForGC: 0/0 objects in disregard for GC pool
[2019.09.24-04.39.57:004][  0]LogTcpMessaging: Initializing TcpMessaging bridge
[2019.09.24-04.39.57:018][  0]LogUdpMessaging: Initializing bridge on interface 0.0.0.0:0 to multicast group 230.0.0.1:6666.
[2019.09.24-04.39.57:127][  0]SourceControl: Source control is disabled
[2019.09.24-04.39.57:127][  0]SourceControl: Source control is disabled
[2019.09.24-04.39.57:129][  0]SourceControl: Source control is disabled
[2019.09.24-04.39.57:130][  0]SourceControl: Source control is disabled
[2019.09.24-04.39.57:215][  0]LogAndroidPermission: UAndroidPermissionCallbackProxy::GetInstance
[2019.09.24-04.39.57:388][  0]LogOcInput: OculusInput pre-init called
[2019.09.24-04.39.58:141][  0]LogEngine: Initializing Engine...
[2019.09.24-04.39.58:142][  0]LogHMD: Failed to initialize OpenVR with code 110
[2019.09.24-04.39.58:143][  0]LogStats: UGameplayTagsManager::InitializeManager -  0.000 s
[2019.09.24-04.39.58:336][  0]LogInit: Initializing FReadOnlyCVARCache
[2019.09.24-04.39.58:351][  0]LogAIModule: Creating AISystem for world Untitled
[2019.09.24-04.39.58:415][  0]LogInit: XAudio2 using 'U28E850 (2- NVIDIA High Definition Audio)' : 2 channels at 48 kHz using 16 bits per sample (channel mask 0x3)
[2019.09.24-04.39.58:465][  0]LogInit: FAudioDevice initialized.
[2019.09.24-04.39.58:465][  0]LogNetVersion: Set ProjectVersion to 1.0.0.0. Version Checksum will be recalculated on next use.
[2019.09.24-04.39.58:538][  0]LogDerivedDataCache: Saved boot cache 0.07s 71MB C:/Users/nshabir/AppData/Local/UnrealEngine/4.22/DerivedDataCache/Boot.ddc.
[2019.09.24-04.39.58:548][  0]LogInit: Texture streaming: Enabled
[2019.09.24-04.39.58:573][  0]LogEngineSessionManager: EngineSessionManager initialized
[2019.09.24-04.39.58:595][  0]LogInit: Transaction tracking system initialized
[2019.09.24-04.39.58:624][  0]BlueprintLog: New page: Editor Load
[2019.09.24-04.39.58:727][  0]LocalizationService: Localization service is disabled
[2019.09.24-04.39.59:046][  0]LogFileCache: Scanning file cache for directory 'C:/Users/nshabir/Documents/Prototype1_Heteronomy/Content/' took 0.02s
[2019.09.24-04.39.59:046][  0]LogCook: Display: Max memory allowance for cook 16384mb min free memory 0mb
[2019.09.24-04.39.59:046][  0]LogCook: Display: Mobile HDR setting 1
[2019.09.24-04.39.59:245][  0]SourceControl: Source control is disabled
[2019.09.24-04.39.59:245][  0]Cmd: MAP LOAD FILE="../../../../../../Users/nshabir/Documents/Prototype1_Heteronomy/Content/FirstPersonBP/Maps/FirstPersonExampleMap.umap" TEMPLATE=0 SHOWPROGRESS=1 FEATURELEVEL=3
[2019.09.24-04.39.59:245][  0]LightingResults: New page: Lighting Build
[2019.09.24-04.39.59:248][  0]MapCheck: New page: Map Check
[2019.09.24-04.39.59:248][  0]LightingResults: New page: Lighting Build
[2019.09.24-04.39.59:280][  0]LogUObjectHash: Compacting FUObjectHashTables data took   1.66ms
[2019.09.24-04.39.59:833][  0]LogAIModule: Creating AISystem for world FirstPersonExampleMap
[2019.09.24-04.39.59:844][  0]LogEditorServer: Finished looking for orphan Actors (0.000 secs)
[2019.09.24-04.39.59:877][  0]LogUObjectHash: Compacting FUObjectHashTables data took   2.28ms
[2019.09.24-04.39.59:877][  0]Cmd: MAP CHECKDEP NOCLEARLOG
[2019.09.24-04.39.59:877][  0]MapCheck: Map check complete: 0 Error(s), 0 Warning(s), took 0.123ms to complete.
[2019.09.24-04.39.59:877][  0]LogFileHelpers: Loading map 'FirstPersonExampleMap' took 0.632
[2019.09.24-04.39.59:997][  0]LogSlate: Updating window title bar state: overlay mode, drag disabled, window buttons hidden, title bar hidden
[2019.09.24-04.40.00:005][  0]LogSlate: Updating window title bar state: overlay mode, drag disabled, window buttons hidden, title bar hidden
[2019.09.24-04.40.00:011][  0]LogSlate: Updating window title bar state: overlay mode, drag disabled, window buttons hidden, title bar hidden
[2019.09.24-04.40.00:018][  0]LogSlate: Updating window title bar state: overlay mode, drag disabled, window buttons hidden, title bar hidden
[2019.09.24-04.40.00:029][  0]LogCollectionManager: Loaded 0 collections in 0.002558 seconds
[2019.09.24-04.40.00:046][  0]LogFileCache: Scanning file cache for directory 'C:/Users/nshabir/Documents/Prototype1_Heteronomy/Saved/Collections/' took 0.01s
[2019.09.24-04.40.00:046][  0]LogFileCache: Scanning file cache for directory 'C:/Users/nshabir/Documents/Prototype1_Heteronomy/Content/Developers/nshabir/Collections/' took 0.00s
[2019.09.24-04.40.00:046][  0]LogFileCache: Scanning file cache for directory 'C:/Users/nshabir/Documents/Prototype1_Heteronomy/Content/Collections/' took 0.00s
[2019.09.24-04.40.00:046][  0]LogCollectionManager: Rebuilt the GUID cache for 0 collections in 0.000000 seconds
[2019.09.24-04.40.00:053][  0]LogContentBrowser: Native class hierarchy populated in 0.0076 seconds. Added 2732 classes and 659 folders.
[2019.09.24-04.40.00:069][  0]LogContentBrowser: Native class hierarchy updated for 'WidgetCarousel' in 0.0003 seconds. Added 0 classes and 0 folders.
[2019.09.24-04.40.00:075][  0]LogPakFile: Registered encryption key '00000000000000000000000000000000': 0 pak files mounted, 0 remain pending
[2019.09.24-04.40.00:080][  0]LogPakFile: Registered encryption key '00000000000000000000000000000000': 0 pak files mounted, 0 remain pending
[2019.09.24-04.40.00:092][  0]LogPakFile: Registered encryption key '00000000000000000000000000000000': 0 pak files mounted, 0 remain pending
[2019.09.24-04.40.00:097][  0]LogPakFile: Registered encryption key '00000000000000000000000000000000': 0 pak files mounted, 0 remain pending
[2019.09.24-04.40.00:100][  0]LogPakFile: Registered encryption key '00000000000000000000000000000000': 0 pak files mounted, 0 remain pending
[2019.09.24-04.40.00:105][  0]LogPakFile: Registered encryption key '00000000000000000000000000000000': 0 pak files mounted, 0 remain pending
[2019.09.24-04.40.00:109][  0]LogPakFile: Registered encryption key '00000000000000000000000000000000': 0 pak files mounted, 0 remain pending
[2019.09.24-04.40.00:113][  0]LogPakFile: Registered encryption key '00000000000000000000000000000000': 0 pak files mounted, 0 remain pending
[2019.09.24-04.40.00:117][  0]LogPakFile: Registered encryption key '00000000000000000000000000000000': 0 pak files mounted, 0 remain pending
[2019.09.24-04.40.00:122][  0]LogPakFile: Registered encryption key '00000000000000000000000000000000': 0 pak files mounted, 0 remain pending
[2019.09.24-04.40.00:127][  0]LogPakFile: Registered encryption key '00000000000000000000000000000000': 0 pak files mounted, 0 remain pending
[2019.09.24-04.40.00:131][  0]LogPakFile: Registered encryption key '00000000000000000000000000000000': 0 pak files mounted, 0 remain pending
[2019.09.24-04.40.00:136][  0]LogPakFile: Registered encryption key '00000000000000000000000000000000': 0 pak files mounted, 0 remain pending
[2019.09.24-04.40.00:141][  0]LogPakFile: Registered encryption key '00000000000000000000000000000000': 0 pak files mounted, 0 remain pending
[2019.09.24-04.40.00:145][  0]LogPakFile: Registered encryption key '00000000000000000000000000000000': 0 pak files mounted, 0 remain pending
[2019.09.24-04.40.00:150][  0]LogPakFile: Registered encryption key '00000000000000000000000000000000': 0 pak files mounted, 0 remain pending
[2019.09.24-04.40.00:176][  0]LogPakFile: Registered encryption key '00000000000000000000000000000000': 0 pak files mounted, 0 remain pending
[2019.09.24-04.40.00:180][  0]LogPakFile: Registered encryption key '00000000000000000000000000000000': 0 pak files mounted, 0 remain pending
[2019.09.24-04.40.00:184][  0]LogPakFile: Registered encryption key '00000000000000000000000000000000': 0 pak files mounted, 0 remain pending
[2019.09.24-04.40.00:188][  0]LogPakFile: Registered encryption key '00000000000000000000000000000000': 0 pak files mounted, 0 remain pending
[2019.09.24-04.40.00:193][  0]LogPakFile: Registered encryption key '00000000000000000000000000000000': 0 pak files mounted, 0 remain pending
[2019.09.24-04.40.00:197][  0]LogPakFile: Registered encryption key '00000000000000000000000000000000': 0 pak files mounted, 0 remain pending
[2019.09.24-04.40.00:202][  0]LogPakFile: Registered encryption key '00000000000000000000000000000000': 0 pak files mounted, 0 remain pending
[2019.09.24-04.40.00:206][  0]LogPakFile: Registered encryption key '00000000000000000000000000000000': 0 pak files mounted, 0 remain pending
[2019.09.24-04.40.00:211][  0]LogPakFile: Registered encryption key '00000000000000000000000000000000': 0 pak files mounted, 0 remain pending
[2019.09.24-04.40.00:214][  0]LogPakFile: Registered encryption key '00000000000000000000000000000000': 0 pak files mounted, 0 remain pending
[2019.09.24-04.40.00:355][  0]LogContentBrowser: Native class hierarchy updated for 'AddContentDialog' in 0.0003 seconds. Added 0 classes and 0 folders.
[2019.09.24-04.40.00:362][  0]LogContentBrowser: Native class hierarchy updated for 'SceneOutliner' in 0.0002 seconds. Added 1 classes and 2 folders.
[2019.09.24-04.40.00:377][  0]LogSlate: Took 0.000165 seconds to synchronously load lazily loaded font '../../../Engine/Content/Slate/Fonts/Roboto-Regular.ttf' (155K)
[2019.09.24-04.40.00:379][  0]LogSlate: Took 0.000164 seconds to synchronously load lazily loaded font '../../../Engine/Content/Slate/Fonts/Roboto-Bold.ttf' (160K)
[2019.09.24-04.40.00:388][  0]LogSlate: Took 0.003720 seconds to synchronously load lazily loaded font '../../../Engine/Content/Editor/Slate/Fonts/FontAwesome.ttf' (139K)
[2019.09.24-04.40.00:483][  0]LogRenderer: Reallocating scene render targets to support 1208x572 Format 10 NumSamples 1 (Frame:1).
[2019.09.24-04.40.00:659][  0]LogContentBrowser: Native class hierarchy updated for 'HierarchicalLODOutliner' in 0.0002 seconds. Added 0 classes and 0 folders.
[2019.09.24-04.40.00:660][  0]LogLoad: (Engine Initialization) Total time: 10.00 seconds
[2019.09.24-04.40.00:660][  0]LogLoad: (Engine Initialization) Total Blueprint compile time: 0.00 seconds
[2019.09.24-04.40.00:690][  0]LogAssetRegistry: Asset discovery search completed in 5.3945 seconds
[2019.09.24-04.40.00:691][  0]LogCollectionManager: Rebuilt the object cache for 0 collections in 0.000000 seconds (found 0 objects)
[2019.09.24-04.40.00:691][  0]LogCollectionManager: Fixed up redirectors for 0 collections in 0.000037 seconds (updated 0 objects)
[2019.09.24-04.40.00:692][  0]LogContentStreaming: Texture pool size now 1000 MB
[2019.09.24-04.40.00:724][  0]LogSlate: Took 0.004343 seconds to synchronously load lazily loaded font '../../../Engine/Content/Slate/Fonts/Roboto-Light.ttf' (167K)
[2019.09.24-04.40.01:683][109]LogSlate: Took 0.000209 seconds to synchronously load lazily loaded font '../../../Engine/Content/Slate/Fonts/Roboto-Light.ttf' (167K)
[2019.09.24-04.40.10:717][188]LogSlate: FSceneViewport::OnFocusLost() reason 2
[2019.09.24-04.40.11:563][290]LogTemp: Repeating last play command: Selected Viewport
[2019.09.24-04.40.11:576][290]LogBlueprintUserMessages: Early PlayInEditor Detection: Level '/Game/FirstPersonBP/Maps/FirstPersonExampleMap.FirstPersonExampleMap:PersistentLevel' has LevelScriptBlueprint '/Game/FirstPersonBP/Maps/FirstPersonExampleMap.FirstPersonExampleMap:PersistentLevel.FirstPersonExampleMap' with GeneratedClass '/Game/FirstPersonBP/Maps/FirstPersonExampleMap.FirstPersonExampleMap_C' with ClassGeneratedBy '/Game/FirstPersonBP/Maps/FirstPersonExampleMap.FirstPersonExampleMap:PersistentLevel.FirstPersonExampleMap'
[2019.09.24-04.40.11:576][290]LogPlayLevel: PlayLevel: No blueprints needed recompiling
[2019.09.24-04.40.11:576][290]PIE: New page: PIE session: FirstPersonExampleMap (24 Sep 2019 8:40:11 pm)
[2019.09.24-04.40.11:589][290]LogPlayLevel: Creating play world package: /Game/FirstPersonBP/Maps/UEDPIE_0_FirstPersonExampleMap
[2019.09.24-04.40.11:604][290]LogPlayLevel: PIE: StaticDuplicateObject took: (0.014578s)
[2019.09.24-04.40.11:605][290]LogAIModule: Creating AISystem for world FirstPersonExampleMap
[2019.09.24-04.40.11:605][290]LogPlayLevel: PIE: World Init took: (0.001069s)
[2019.09.24-04.40.11:605][290]LogPlayLevel: PIE: Created PIE world by copying editor world from /Game/FirstPersonBP/Maps/FirstPersonExampleMap.FirstPersonExampleMap to /Game/FirstPersonBP/Maps/UEDPIE_0_FirstPersonExampleMap.FirstPersonExampleMap (0.015904s)
[2019.09.24-04.40.11:632][290]LogUObjectHash: Compacting FUObjectHashTables data took   0.91ms
[2019.09.24-04.40.11:682][290]LogInit: XAudio2 using 'U28E850 (2- NVIDIA High Definition Audio)' : 2 channels at 48 kHz using 16 bits per sample (channel mask 0x3)
[2019.09.24-04.40.11:699][290]LogInit: FAudioDevice initialized.
[2019.09.24-04.40.11:740][290]LogLoad: Game class is 'FirstPersonGameMode_C'
[2019.09.24-04.40.11:746][290]LogWorld: Bringing World /Game/FirstPersonBP/Maps/UEDPIE_0_FirstPersonExampleMap.FirstPersonExampleMap up for play (max tick rate 0) at 2019.09.24-12.40.11
[2019.09.24-04.40.11:747][290]LogWorld: Bringing up level for play took: 0.003791
[2019.09.24-04.40.11:775][290]LogContentBrowser: Native class hierarchy updated for 'MovieSceneCapture' in 0.0004 seconds. Added 20 classes and 0 folders.
[2019.09.24-04.40.11:776][290]PIE: Play in editor start time for /Game/FirstPersonBP/Maps/UEDPIE_0_FirstPersonExampleMap -0.441
[2019.09.24-04.40.11:776][290]LogBlueprintUserMessages: Late PlayInEditor Detection: Level '/Game/FirstPersonBP/Maps/FirstPersonExampleMap.FirstPersonExampleMap:PersistentLevel' has LevelScriptBlueprint '/Game/FirstPersonBP/Maps/FirstPersonExampleMap.FirstPersonExampleMap:PersistentLevel.FirstPersonExampleMap' with GeneratedClass '/Game/FirstPersonBP/Maps/FirstPersonExampleMap.FirstPersonExampleMap_C' with ClassGeneratedBy '/Game/FirstPersonBP/Maps/FirstPersonExampleMap.FirstPersonExampleMap:PersistentLevel.FirstPersonExampleMap'
[2019.09.24-04.40.59:340][991]LogBlueprintUserMessages: Early EndPlayMap Detection: Level '/Game/FirstPersonBP/Maps/FirstPersonExampleMap.FirstPersonExampleMap:PersistentLevel' has LevelScriptBlueprint '/Game/FirstPersonBP/Maps/FirstPersonExampleMap.FirstPersonExampleMap:PersistentLevel.FirstPersonExampleMap' with GeneratedClass '/Game/FirstPersonBP/Maps/FirstPersonExampleMap.FirstPersonExampleMap_C' with ClassGeneratedBy '/Game/FirstPersonBP/Maps/FirstPersonExampleMap.FirstPersonExampleMap:PersistentLevel.FirstPersonExampleMap'
[2019.09.24-04.40.59:340][991]LogSlate: Updating window title bar state: overlay mode, drag disabled, window buttons hidden, title bar hidden
[2019.09.24-04.40.59:369][991]LogPlayLevel: Display: Shutting down PIE online subsystems
[2019.09.24-04.40.59:369][991]LogBlueprintUserMessages: Late EndPlayMap Detection: Level '/Game/FirstPersonBP/Maps/FirstPersonExampleMap.FirstPersonExampleMap:PersistentLevel' has LevelScriptBlueprint '/Game/FirstPersonBP/Maps/FirstPersonExampleMap.FirstPersonExampleMap:PersistentLevel.FirstPersonExampleMap' with GeneratedClass '/Game/FirstPersonBP/Maps/FirstPersonExampleMap.FirstPersonExampleMap_C' with ClassGeneratedBy '/Game/FirstPersonBP/Maps/FirstPersonExampleMap.FirstPersonExampleMap:PersistentLevel.FirstPersonExampleMap'
[2019.09.24-04.40.59:392][991]LogSlate: Updating window title bar state: overlay mode, drag disabled, window buttons hidden, title bar hidden
[2019.09.24-04.40.59:395][991]LogUObjectHash: Compacting FUObjectHashTables data took   1.06ms
[2019.09.24-04.40.59:444][995]LogPlayLevel: Display: Destroying online subsystem :Context_1
[2019.09.24-04.41.00:598][133]LogSlate: FSceneViewport::OnFocusLost() reason 0
[2019.09.24-04.41.26:245][145]LogAssetEditorManager: Opening Asset editor for Blueprint /Game/Blueprints/Switch_Child.Switch_Child
[2019.09.24-04.41.26:533][145]LogContentBrowser: Native class hierarchy updated for 'BlueprintGraph' in 0.0005 seconds. Added 121 classes and 0 folders.
[2019.09.24-04.41.29:304][374]LogRenderer: Reallocating scene render targets to support 1208x900 Format 10 NumSamples 1 (Frame:231).
[2019.09.24-04.41.30:253][482]LogSlate: Took 0.004300 seconds to synchronously load lazily loaded font '../../../Engine/Content/Slate/Fonts/Roboto-BoldCondensed.ttf' (158K)
[2019.09.24-04.41.38:504][461]Cmd: OBJ SAVEPACKAGE PACKAGE="/Game/Blueprints/Switch_Child" FILE="../../../../../../Users/nshabir/Documents/Prototype1_Heteronomy/Content/Blueprints/Switch_Child.uasset" SILENT=true
[2019.09.24-04.41.38:526][461]LogSavePackage: Moving '../../../../../../Users/nshabir/Documents/Prototype1_Heteronomy/Saved/Switch_ChildEB7845D8441D790A5B4BAFBE7163CAD1.tmp' to '../../../../../../Users/nshabir/Documents/Prototype1_Heteronomy/Content/Blueprints/Switch_Child.uasset'
[2019.09.24-04.41.41:467][807]LogSlate: Window 'Switch_Child' being destroyed
[2019.09.24-04.41.43:177][ 12]LogTemp: Repeating last play command: Selected Viewport
[2019.09.24-04.41.43:192][ 12]LogBlueprintUserMessages: Early PlayInEditor Detection: Level '/Game/FirstPersonBP/Maps/FirstPersonExampleMap.FirstPersonExampleMap:PersistentLevel' has LevelScriptBlueprint '/Game/FirstPersonBP/Maps/FirstPersonExampleMap.FirstPersonExampleMap:PersistentLevel.FirstPersonExampleMap' with GeneratedClass '/Game/FirstPersonBP/Maps/FirstPersonExampleMap.FirstPersonExampleMap_C' with ClassGeneratedBy '/Game/FirstPersonBP/Maps/FirstPersonExampleMap.FirstPersonExampleMap:PersistentLevel.FirstPersonExampleMap'
[2019.09.24-04.41.43:192][ 12]LogPlayLevel: PlayLevel: No blueprints needed recompiling
[2019.09.24-04.41.43:192][ 12]PIE: New page: PIE session: FirstPersonExampleMap (24 Sep 2019 8:41:43 pm)
[2019.09.24-04.41.43:192][ 12]LogPlayLevel: Creating play world package: /Game/FirstPersonBP/Maps/UEDPIE_0_FirstPersonExampleMap
[2019.09.24-04.41.43:204][ 12]LogPlayLevel: PIE: StaticDuplicateObject took: (0.012177s)
[2019.09.24-04.41.43:205][ 12]LogAIModule: Creating AISystem for world FirstPersonExampleMap
[2019.09.24-04.41.43:205][ 12]LogPlayLevel: PIE: World Init took: (0.000720s)
[2019.09.24-04.41.43:205][ 12]LogPlayLevel: PIE: Created PIE world by copying editor world from /Game/FirstPersonBP/Maps/FirstPersonExampleMap.FirstPersonExampleMap to /Game/FirstPersonBP/Maps/UEDPIE_0_FirstPersonExampleMap.FirstPersonExampleMap (0.013026s)
[2019.09.24-04.41.43:237][ 12]LogUObjectHash: Compacting FUObjectHashTables data took   2.87ms
[2019.09.24-04.41.43:288][ 12]LogInit: XAudio2 using 'U28E850 (2- NVIDIA High Definition Audio)' : 2 channels at 48 kHz using 16 bits per sample (channel mask 0x3)
[2019.09.24-04.41.43:304][ 12]LogInit: FAudioDevice initialized.
[2019.09.24-04.41.43:331][ 12]LogLoad: Game class is 'FirstPersonGameMode_C'
[2019.09.24-04.41.43:334][ 12]LogWorld: Bringing World /Game/FirstPersonBP/Maps/UEDPIE_0_FirstPersonExampleMap.FirstPersonExampleMap up for play (max tick rate 0) at 2019.09.24-12.41.43
[2019.09.24-04.41.43:334][ 12]LogWorld: Bringing up level for play took: 0.001803
[2019.09.24-04.41.43:347][ 12]PIE: Play in editor start time for /Game/FirstPersonBP/Maps/UEDPIE_0_FirstPersonExampleMap 1.131
[2019.09.24-04.41.43:347][ 12]LogBlueprintUserMessages: Late PlayInEditor Detection: Level '/Game/FirstPersonBP/Maps/FirstPersonExampleMap.FirstPersonExampleMap:PersistentLevel' has LevelScriptBlueprint '/Game/FirstPersonBP/Maps/FirstPersonExampleMap.FirstPersonExampleMap:PersistentLevel.FirstPersonExampleMap' with GeneratedClass '/Game/FirstPersonBP/Maps/FirstPersonExampleMap.FirstPersonExampleMap_C' with ClassGeneratedBy '/Game/FirstPersonBP/Maps/FirstPersonExampleMap.FirstPersonExampleMap:PersistentLevel.FirstPersonExampleMap'
[2019.09.24-04.41.46:291][363]LogBlueprintUserMessages: Early EndPlayMap Detection: Level '/Game/FirstPersonBP/Maps/FirstPersonExampleMap.FirstPersonExampleMap:PersistentLevel' has LevelScriptBlueprint '/Game/FirstPersonBP/Maps/FirstPersonExampleMap.FirstPersonExampleMap:PersistentLevel.FirstPersonExampleMap' with GeneratedClass '/Game/FirstPersonBP/Maps/FirstPersonExampleMap.FirstPersonExampleMap_C' with ClassGeneratedBy '/Game/FirstPersonBP/Maps/FirstPersonExampleMap.FirstPersonExampleMap:PersistentLevel.FirstPersonExampleMap'
[2019.09.24-04.41.46:292][363]LogSlate: Updating window title bar state: overlay mode, drag disabled, window buttons hidden, title bar hidden
[2019.09.24-04.41.46:322][363]LogPlayLevel: Display: Shutting down PIE online subsystems
[2019.09.24-04.41.46:322][363]LogBlueprintUserMessages: Late EndPlayMap Detection: Level '/Game/FirstPersonBP/Maps/FirstPersonExampleMap.FirstPersonExampleMap:PersistentLevel' has LevelScriptBlueprint '/Game/FirstPersonBP/Maps/FirstPersonExampleMap.FirstPersonExampleMap:PersistentLevel.FirstPersonExampleMap' with GeneratedClass '/Game/FirstPersonBP/Maps/FirstPersonExampleMap.FirstPersonExampleMap_C' with ClassGeneratedBy '/Game/FirstPersonBP/Maps/FirstPersonExampleMap.FirstPersonExampleMap:PersistentLevel.FirstPersonExampleMap'
[2019.09.24-04.41.46:354][363]LogSlate: Updating window title bar state: overlay mode, drag disabled, window buttons hidden, title bar hidden
[2019.09.24-04.41.46:357][363]LogUObjectHash: Compacting FUObjectHashTables data took   1.52ms
[2019.09.24-04.41.46:393][365]LogPlayLevel: Display: Destroying online subsystem :Context_8
[2019.09.24-04.41.47:201][461]LogSlate: FSceneViewport::OnFocusLost() reason 0
[2019.09.24-04.41.49:729][759]LogSlate: FSceneViewport::OnFocusLost() reason 0
[2019.09.24-04.41.49:879][777]LogTemp: Repeating last play command: Selected Viewport
[2019.09.24-04.41.49:893][777]LogBlueprintUserMessages: Early PlayInEditor Detection: Level '/Game/FirstPersonBP/Maps/FirstPersonExampleMap.FirstPersonExampleMap:PersistentLevel' has LevelScriptBlueprint '/Game/FirstPersonBP/Maps/FirstPersonExampleMap.FirstPersonExampleMap:PersistentLevel.FirstPersonExampleMap' with GeneratedClass '/Game/FirstPersonBP/Maps/FirstPersonExampleMap.FirstPersonExampleMap_C' with ClassGeneratedBy '/Game/FirstPersonBP/Maps/FirstPersonExampleMap.FirstPersonExampleMap:PersistentLevel.FirstPersonExampleMap'
[2019.09.24-04.41.49:893][777]LogPlayLevel: PlayLevel: No blueprints needed recompiling
[2019.09.24-04.41.49:893][777]PIE: New page: PIE session: FirstPersonExampleMap (24 Sep 2019 8:41:49 pm)
[2019.09.24-04.41.49:893][777]LogPlayLevel: Creating play world package: /Game/FirstPersonBP/Maps/UEDPIE_0_FirstPersonExampleMap
[2019.09.24-04.41.49:903][777]LogPlayLevel: PIE: StaticDuplicateObject took: (0.009928s)
[2019.09.24-04.41.49:904][777]LogAIModule: Creating AISystem for world FirstPersonExampleMap
[2019.09.24-04.41.49:904][777]LogPlayLevel: PIE: World Init took: (0.000908s)
[2019.09.24-04.41.49:904][777]LogPlayLevel: PIE: Created PIE world by copying editor world from /Game/FirstPersonBP/Maps/FirstPersonExampleMap.FirstPersonExampleMap to /Game/FirstPersonBP/Maps/UEDPIE_0_FirstPersonExampleMap.FirstPersonExampleMap (0.010994s)
[2019.09.24-04.41.49:940][777]LogUObjectHash: Compacting FUObjectHashTables data took   1.84ms
[2019.09.24-04.41.49:990][777]LogInit: XAudio2 using 'U28E850 (2- NVIDIA High Definition Audio)' : 2 channels at 48 kHz using 16 bits per sample (channel mask 0x3)
[2019.09.24-04.41.50:006][777]LogInit: FAudioDevice initialized.
[2019.09.24-04.41.50:034][777]LogLoad: Game class is 'FirstPersonGameMode_C'
[2019.09.24-04.41.50:036][777]LogWorld: Bringing World /Game/FirstPersonBP/Maps/UEDPIE_0_FirstPersonExampleMap.FirstPersonExampleMap up for play (max tick rate 0) at 2019.09.24-12.41.50
[2019.09.24-04.41.50:036][777]LogWorld: Bringing up level for play took: 0.001479
[2019.09.24-04.41.50:049][777]PIE: Play in editor start time for /Game/FirstPersonBP/Maps/UEDPIE_0_FirstPersonExampleMap -0.167
[2019.09.24-04.41.50:049][777]LogBlueprintUserMessages: Late PlayInEditor Detection: Level '/Game/FirstPersonBP/Maps/FirstPersonExampleMap.FirstPersonExampleMap:PersistentLevel' has LevelScriptBlueprint '/Game/FirstPersonBP/Maps/FirstPersonExampleMap.FirstPersonExampleMap:PersistentLevel.FirstPersonExampleMap' with GeneratedClass '/Game/FirstPersonBP/Maps/FirstPersonExampleMap.FirstPersonExampleMap_C' with ClassGeneratedBy '/Game/FirstPersonBP/Maps/FirstPersonExampleMap.FirstPersonExampleMap:PersistentLevel.FirstPersonExampleMap'
[2019.09.24-04.41.51:240][918]LogScript: Warning: Accessed None trying to read property LightObject
	Switch_Child_C /Game/FirstPersonBP/Maps/UEDPIE_0_FirstPersonExampleMap.FirstPersonExampleMap:PersistentLevel.Switch_Child_2
	Function /Game/Blueprints/Switch.Switch_C:ExecuteUbergraph_Switch:006A
[2019.09.24-04.41.51:240][918]PIE: Error: Blueprint Runtime Error: "Accessed None trying to read property LightObject". Blueprint:  Switch Function:  Execute Ubergraph Switch Graph:  EventGraph Node:  Toggle Visibility
[2019.09.24-04.41.51:240][918]LogScript: Warning: Accessed None
	Switch_Child_C /Game/FirstPersonBP/Maps/UEDPIE_0_FirstPersonExampleMap.FirstPersonExampleMap:PersistentLevel.Switch_Child_2
	Function /Game/Blueprints/Switch.Switch_C:ExecuteUbergraph_Switch:007F
[2019.09.24-04.41.51:240][918]PIE: Error: Blueprint Runtime Error: "Accessed None". Blueprint:  Switch Function:  Execute Ubergraph Switch Graph:  EventGraph Node:  Toggle Visibility
[2019.09.24-04.41.51:948][  3]LogScript: Warning: Accessed None trying to read property LightObject
	Switch_Child_C /Game/FirstPersonBP/Maps/UEDPIE_0_FirstPersonExampleMap.FirstPersonExampleMap:PersistentLevel.Switch_Child_2
	Function /Game/Blueprints/Switch.Switch_C:ExecuteUbergraph_Switch:006A
[2019.09.24-04.41.51:948][  3]PIE: Error: Blueprint Runtime Error: "Accessed None trying to read property LightObject". Blueprint:  Switch Function:  Execute Ubergraph Switch Graph:  EventGraph Node:  Toggle Visibility
[2019.09.24-04.41.51:948][  3]LogScript: Warning: Accessed None
	Switch_Child_C /Game/FirstPersonBP/Maps/UEDPIE_0_FirstPersonExampleMap.FirstPersonExampleMap:PersistentLevel.Switch_Child_2
	Function /Game/Blueprints/Switch.Switch_C:ExecuteUbergraph_Switch:007F
[2019.09.24-04.41.51:948][  3]PIE: Error: Blueprint Runtime Error: "Accessed None". Blueprint:  Switch Function:  Execute Ubergraph Switch Graph:  EventGraph Node:  Toggle Visibility
[2019.09.24-04.41.52:932][121]LogBlueprintUserMessages: Early EndPlayMap Detection: Level '/Game/FirstPersonBP/Maps/FirstPersonExampleMap.FirstPersonExampleMap:PersistentLevel' has LevelScriptBlueprint '/Game/FirstPersonBP/Maps/FirstPersonExampleMap.FirstPersonExampleMap:PersistentLevel.FirstPersonExampleMap' with GeneratedClass '/Game/FirstPersonBP/Maps/FirstPersonExampleMap.FirstPersonExampleMap_C' with ClassGeneratedBy '/Game/FirstPersonBP/Maps/FirstPersonExampleMap.FirstPersonExampleMap:PersistentLevel.FirstPersonExampleMap'
[2019.09.24-04.41.52:933][121]LogSlate: Updating window title bar state: overlay mode, drag disabled, window buttons hidden, title bar hidden
[2019.09.24-04.41.52:966][121]LogPlayLevel: Display: Shutting down PIE online subsystems
[2019.09.24-04.41.52:967][121]LogBlueprintUserMessages: Late EndPlayMap Detection: Level '/Game/FirstPersonBP/Maps/FirstPersonExampleMap.FirstPersonExampleMap:PersistentLevel' has LevelScriptBlueprint '/Game/FirstPersonBP/Maps/FirstPersonExampleMap.FirstPersonExampleMap:PersistentLevel.FirstPersonExampleMap' with GeneratedClass '/Game/FirstPersonBP/Maps/FirstPersonExampleMap.FirstPersonExampleMap_C' with ClassGeneratedBy '/Game/FirstPersonBP/Maps/FirstPersonExampleMap.FirstPersonExampleMap:PersistentLevel.FirstPersonExampleMap'
[2019.09.24-04.41.52:998][121]LogSlate: Updating window title bar state: overlay mode, drag disabled, window buttons hidden, title bar hidden
[2019.09.24-04.41.53:002][121]LogUObjectHash: Compacting FUObjectHashTables data took   1.74ms
[2019.09.24-04.41.53:011][121]LogSlate: FSceneViewport::OnFocusLost() reason 2
[2019.09.24-04.41.53:035][122]LogPlayLevel: Display: Destroying online subsystem :Context_9
[2019.09.24-04.41.55:401][394]LogSlate: Window 'Message Log' being destroyed
[2019.09.24-04.41.55:406][394]LogSlate: Window 'Message Log' being destroyed
[2019.09.24-04.42.02:856][235]LogEditorViewport: Clicking on Actor (LMB): LightObject_C (LightObject)
[2019.09.24-04.42.08:173][868]LogEditorViewport: Clicking on Actor (LMB): LightObject_C (LightObject2)
[2019.09.24-04.42.12:368][367]LogSlate: FSceneViewport::OnFocusLost() reason 0
[2019.09.24-04.42.13:162][460]LogSlate: Took 0.003693 seconds to synchronously load lazily loaded font '../../../Engine/Content/Slate/Fonts/Roboto-Italic.ttf' (157K)
[2019.09.24-04.42.26:767][ 88]LogTemp: Repeating last play command: Selected Viewport
[2019.09.24-04.42.26:780][ 88]LogBlueprintUserMessages: Early PlayInEditor Detection: Level '/Game/FirstPersonBP/Maps/FirstPersonExampleMap.FirstPersonExampleMap:PersistentLevel' has LevelScriptBlueprint '/Game/FirstPersonBP/Maps/FirstPersonExampleMap.FirstPersonExampleMap:PersistentLevel.FirstPersonExampleMap' with GeneratedClass '/Game/FirstPersonBP/Maps/FirstPersonExampleMap.FirstPersonExampleMap_C' with ClassGeneratedBy '/Game/FirstPersonBP/Maps/FirstPersonExampleMap.FirstPersonExampleMap:PersistentLevel.FirstPersonExampleMap'
[2019.09.24-04.42.26:780][ 88]LogPlayLevel: PlayLevel: No blueprints needed recompiling
[2019.09.24-04.42.26:780][ 88]PIE: New page: PIE session: FirstPersonExampleMap (24 Sep 2019 8:42:26 pm)
[2019.09.24-04.42.26:780][ 88]LogPlayLevel: Creating play world package: /Game/FirstPersonBP/Maps/UEDPIE_0_FirstPersonExampleMap
[2019.09.24-04.42.26:793][ 88]LogPlayLevel: PIE: StaticDuplicateObject took: (0.012215s)
[2019.09.24-04.42.26:793][ 88]LogAIModule: Creating AISystem for world FirstPersonExampleMap
[2019.09.24-04.42.26:793][ 88]LogPlayLevel: PIE: World Init took: (0.000817s)
[2019.09.24-04.42.26:793][ 88]LogPlayLevel: PIE: Created PIE world by copying editor world from /Game/FirstPersonBP/Maps/FirstPersonExampleMap.FirstPersonExampleMap to /Game/FirstPersonBP/Maps/UEDPIE_0_FirstPersonExampleMap.FirstPersonExampleMap (0.013152s)
[2019.09.24-04.42.26:830][ 88]LogUObjectHash: Compacting FUObjectHashTables data took   1.93ms
[2019.09.24-04.42.26:887][ 88]LogInit: XAudio2 using 'U28E850 (2- NVIDIA High Definition Audio)' : 2 channels at 48 kHz using 16 bits per sample (channel mask 0x3)
[2019.09.24-04.42.26:905][ 88]LogInit: FAudioDevice initialized.
[2019.09.24-04.42.26:935][ 88]LogLoad: Game class is 'FirstPersonGameMode_C'
[2019.09.24-04.42.26:937][ 88]LogWorld: Bringing World /Game/FirstPersonBP/Maps/UEDPIE_0_FirstPersonExampleMap.FirstPersonExampleMap up for play (max tick rate 0) at 2019.09.24-12.42.26
[2019.09.24-04.42.26:938][ 88]LogWorld: Bringing up level for play took: 0.001885
[2019.09.24-04.42.26:951][ 88]PIE: Play in editor start time for /Game/FirstPersonBP/Maps/UEDPIE_0_FirstPersonExampleMap 0.735
[2019.09.24-04.42.26:951][ 88]LogBlueprintUserMessages: Late PlayInEditor Detection: Level '/Game/FirstPersonBP/Maps/FirstPersonExampleMap.FirstPersonExampleMap:PersistentLevel' has LevelScriptBlueprint '/Game/FirstPersonBP/Maps/FirstPersonExampleMap.FirstPersonExampleMap:PersistentLevel.FirstPersonExampleMap' with GeneratedClass '/Game/FirstPersonBP/Maps/FirstPersonExampleMap.FirstPersonExampleMap_C' with ClassGeneratedBy '/Game/FirstPersonBP/Maps/FirstPersonExampleMap.FirstPersonExampleMap:PersistentLevel.FirstPersonExampleMap'
[2019.09.24-04.42.39:721][614]LogBlueprintUserMessages: Early EndPlayMap Detection: Level '/Game/FirstPersonBP/Maps/FirstPersonExampleMap.FirstPersonExampleMap:PersistentLevel' has LevelScriptBlueprint '/Game/FirstPersonBP/Maps/FirstPersonExampleMap.FirstPersonExampleMap:PersistentLevel.FirstPersonExampleMap' with GeneratedClass '/Game/FirstPersonBP/Maps/FirstPersonExampleMap.FirstPersonExampleMap_C' with ClassGeneratedBy '/Game/FirstPersonBP/Maps/FirstPersonExampleMap.FirstPersonExampleMap:PersistentLevel.FirstPersonExampleMap'
[2019.09.24-04.42.39:721][614]LogSlate: Updating window title bar state: overlay mode, drag disabled, window buttons hidden, title bar hidden
[2019.09.24-04.42.39:751][614]LogPlayLevel: Display: Shutting down PIE online subsystems
[2019.09.24-04.42.39:751][614]LogBlueprintUserMessages: Late EndPlayMap Detection: Level '/Game/FirstPersonBP/Maps/FirstPersonExampleMap.FirstPersonExampleMap:PersistentLevel' has LevelScriptBlueprint '/Game/FirstPersonBP/Maps/FirstPersonExampleMap.FirstPersonExampleMap:PersistentLevel.FirstPersonExampleMap' with GeneratedClass '/Game/FirstPersonBP/Maps/FirstPersonExampleMap.FirstPersonExampleMap_C' with ClassGeneratedBy '/Game/FirstPersonBP/Maps/FirstPersonExampleMap.FirstPersonExampleMap:PersistentLevel.FirstPersonExampleMap'
[2019.09.24-04.42.39:786][614]LogSlate: Updating window title bar state: overlay mode, drag disabled, window buttons hidden, title bar hidden
[2019.09.24-04.42.39:790][614]LogUObjectHash: Compacting FUObjectHashTables data took   1.79ms
[2019.09.24-04.42.39:838][616]LogPlayLevel: Display: Destroying online subsystem :Context_10
[2019.09.24-04.42.42:105][888]LogSlate: FSceneViewport::OnFocusLost() reason 0
[2019.09.24-04.42.50:372][875]LogUObjectHash: Compacting FUObjectHashTables data took   1.56ms
[2019.09.24-04.42.53:455][875]LogSlate: Window 'Delete Assets' being destroyed
[2019.09.24-04.42.53:512][875]LogUObjectGlobals: Force Deleting 1 Package(s):
	Asset Name: /Game/Blueprints/Switch_Child.Switch_Child
[2019.09.24-04.42.54:337][875]LogUObjectHash: Compacting FUObjectHashTables data took   2.06ms
[2019.09.24-04.42.54:506][875]LogUObjectHash: Compacting FUObjectHashTables data took   1.91ms
[2019.09.24-04.42.54:534][875]LogUObjectHash: Compacting FUObjectHashTables data took   1.75ms
[2019.09.24-04.42.54:562][875]LogUObjectHash: Compacting FUObjectHashTables data took   0.67ms
[2019.09.24-04.43.15:031][157]LogUObjectHash: Compacting FUObjectHashTables data took   2.24ms
[2019.09.24-04.43.16:609][342]LogAssetEditorManager: Opening Asset editor for Blueprint /Game/Blueprints/Switch1.Switch1
[2019.09.24-04.43.30:659][956]BlueprintLog: New page: Compile Switch1
[2019.09.24-04.43.30:797][956]LogUObjectHash: Compacting FUObjectHashTables data took   2.76ms
[2019.09.24-04.43.31:611][ 48]Cmd: OBJ SAVEPACKAGE PACKAGE="/Game/Blueprints/Switch1" FILE="../../../../../../Users/nshabir/Documents/Prototype1_Heteronomy/Content/Blueprints/Switch1.uasset" SILENT=true
[2019.09.24-04.43.31:634][ 48]LogSavePackage: Moving '../../../../../../Users/nshabir/Documents/Prototype1_Heteronomy/Saved/Switch15D80B214425203A366C255ABDB968421.tmp' to '../../../../../../Users/nshabir/Documents/Prototype1_Heteronomy/Content/Blueprints/Switch1.uasset'
[2019.09.24-04.43.32:354][132]LogSlate: Window 'Switch1' being destroyed
[2019.09.24-04.43.33:772][294]LogEditorViewport: Clicking on Actor (LMB): LightObject_C (LightObject2)
[2019.09.24-04.43.35:501][495]LogSlate: FSceneViewport::OnFocusLost() reason 0
[2019.09.24-04.43.38:010][781]LogAssetEditorManager: Opening Asset editor for Blueprint /Game/Blueprints/LightObject.LightObject
[2019.09.24-04.43.50:525][ 85]LogSlate: FSceneViewport::OnFocusLost() reason 0
[2019.09.24-04.46.39:579][840]LogSlate: Window 'Color Picker' being destroyed
[2019.09.24-04.47.09:352][  3]LogSlate: Window 'Color Picker' being destroyed
[2019.09.24-04.47.41:177][795]BlueprintLog: New page: Compile LightObject
[2019.09.24-04.47.41:359][795]LogUObjectHash: Compacting FUObjectHashTables data took   2.86ms
[2019.09.24-04.47.44:096][104]LogTemp: Repeating last play command: Selected Viewport
[2019.09.24-04.47.44:111][104]LogBlueprintUserMessages: Early PlayInEditor Detection: Level '/Game/FirstPersonBP/Maps/FirstPersonExampleMap.FirstPersonExampleMap:PersistentLevel' has LevelScriptBlueprint '/Game/FirstPersonBP/Maps/FirstPersonExampleMap.FirstPersonExampleMap:PersistentLevel.FirstPersonExampleMap' with GeneratedClass '/Game/FirstPersonBP/Maps/FirstPersonExampleMap.FirstPersonExampleMap_C' with ClassGeneratedBy '/Game/FirstPersonBP/Maps/FirstPersonExampleMap.FirstPersonExampleMap:PersistentLevel.FirstPersonExampleMap'
[2019.09.24-04.47.44:112][104]LogPlayLevel: PlayLevel: No blueprints needed recompiling
[2019.09.24-04.47.44:112][104]PIE: New page: PIE session: FirstPersonExampleMap (24 Sep 2019 8:47:44 pm)
[2019.09.24-04.47.44:112][104]LogPlayLevel: Creating play world package: /Game/FirstPersonBP/Maps/UEDPIE_0_FirstPersonExampleMap
[2019.09.24-04.47.44:124][104]LogPlayLevel: PIE: StaticDuplicateObject took: (0.012438s)
[2019.09.24-04.47.44:125][104]LogAIModule: Creating AISystem for world FirstPersonExampleMap
[2019.09.24-04.47.44:125][104]LogPlayLevel: PIE: World Init took: (0.001090s)
[2019.09.24-04.47.44:126][104]LogPlayLevel: PIE: Created PIE world by copying editor world from /Game/FirstPersonBP/Maps/FirstPersonExampleMap.FirstPersonExampleMap to /Game/FirstPersonBP/Maps/UEDPIE_0_FirstPersonExampleMap.FirstPersonExampleMap (0.013755s)
[2019.09.24-04.47.44:163][104]LogUObjectHash: Compacting FUObjectHashTables data took   2.58ms
[2019.09.24-04.47.44:217][104]LogInit: XAudio2 using 'U28E850 (2- NVIDIA High Definition Audio)' : 2 channels at 48 kHz using 16 bits per sample (channel mask 0x3)
[2019.09.24-04.47.44:235][104]LogInit: FAudioDevice initialized.
[2019.09.24-04.47.44:263][104]LogLoad: Game class is 'FirstPersonGameMode_C'
[2019.09.24-04.47.44:266][104]LogWorld: Bringing World /Game/FirstPersonBP/Maps/UEDPIE_0_FirstPersonExampleMap.FirstPersonExampleMap up for play (max tick rate 0) at 2019.09.24-12.47.44
[2019.09.24-04.47.44:266][104]LogWorld: Bringing up level for play took: 0.001729
[2019.09.24-04.47.44:279][104]PIE: Play in editor start time for /Game/FirstPersonBP/Maps/UEDPIE_0_FirstPersonExampleMap 0.063
[2019.09.24-04.47.44:279][104]LogBlueprintUserMessages: Late PlayInEditor Detection: Level '/Game/FirstPersonBP/Maps/FirstPersonExampleMap.FirstPersonExampleMap:PersistentLevel' has LevelScriptBlueprint '/Game/FirstPersonBP/Maps/FirstPersonExampleMap.FirstPersonExampleMap:PersistentLevel.FirstPersonExampleMap' with GeneratedClass '/Game/FirstPersonBP/Maps/FirstPersonExampleMap.FirstPersonExampleMap_C' with ClassGeneratedBy '/Game/FirstPersonBP/Maps/FirstPersonExampleMap.FirstPersonExampleMap:PersistentLevel.FirstPersonExampleMap'
[2019.09.24-04.47.53:872][252]LogBlueprintUserMessages: Early EndPlayMap Detection: Level '/Game/FirstPersonBP/Maps/FirstPersonExampleMap.FirstPersonExampleMap:PersistentLevel' has LevelScriptBlueprint '/Game/FirstPersonBP/Maps/FirstPersonExampleMap.FirstPersonExampleMap:PersistentLevel.FirstPersonExampleMap' with GeneratedClass '/Game/FirstPersonBP/Maps/FirstPersonExampleMap.FirstPersonExampleMap_C' with ClassGeneratedBy '/Game/FirstPersonBP/Maps/FirstPersonExampleMap.FirstPersonExampleMap:PersistentLevel.FirstPersonExampleMap'
[2019.09.24-04.47.53:873][252]LogSlate: Updating window title bar state: overlay mode, drag disabled, window buttons hidden, title bar hidden
[2019.09.24-04.47.53:902][252]LogPlayLevel: Display: Shutting down PIE online subsystems
[2019.09.24-04.47.53:902][252]LogBlueprintUserMessages: Late EndPlayMap Detection: Level '/Game/FirstPersonBP/Maps/FirstPersonExampleMap.FirstPersonExampleMap:PersistentLevel' has LevelScriptBlueprint '/Game/FirstPersonBP/Maps/FirstPersonExampleMap.FirstPersonExampleMap:PersistentLevel.FirstPersonExampleMap' with GeneratedClass '/Game/FirstPersonBP/Maps/FirstPersonExampleMap.FirstPersonExampleMap_C' with ClassGeneratedBy '/Game/FirstPersonBP/Maps/FirstPersonExampleMap.FirstPersonExampleMap:PersistentLevel.FirstPersonExampleMap'
[2019.09.24-04.47.53:938][252]LogSlate: Updating window title bar state: overlay mode, drag disabled, window buttons hidden, title bar hidden
[2019.09.24-04.47.53:941][252]LogUObjectHash: Compacting FUObjectHashTables data took   1.96ms
[2019.09.24-04.47.53:986][254]LogPlayLevel: Display: Destroying online subsystem :Context_14
[2019.09.24-04.47.56:172][516]LogSlate: FSceneViewport::OnFocusLost() reason 0
[2019.09.24-04.47.56:282][527]LogAssetEditorManager: Opening Asset editor for Blueprint /Game/Blueprints/InteractInterface.InteractInterface
[2019.09.24-04.47.56:580][527]LogAssetEditorManager: Opening Asset editor for Blueprint /Game/Blueprints/Switch.Switch
[2019.09.24-04.48.00:635][970]Cmd: OBJ SAVEPACKAGE PACKAGE="/Game/Blueprints/LightObject" FILE="../../../../../../Users/nshabir/Documents/Prototype1_Heteronomy/Content/Blueprints/LightObject.uasset" SILENT=true
[2019.09.24-04.48.00:666][970]LogSavePackage: Moving '../../../../../../Users/nshabir/Documents/Prototype1_Heteronomy/Saved/LightObjectF2E0365143E57A1E7AB1719C2E4F4923.tmp' to '../../../../../../Users/nshabir/Documents/Prototype1_Heteronomy/Content/Blueprints/LightObject.uasset'
[2019.09.24-04.48.00:682][971]LogUnrealEdMisc: Warning: Heartbeat event firing too frequently (51.311 sec). This should never happen. Something is wrong with the timer delegate!
